<?xml version="1.0" encoding="UTF-8" standalone="yes" ?>
<!DOCTYPE report PUBLIC "-//JACOCO//DTD Report 1.0//EN" "report.dtd">
<report name="streamport (Nov 7, 2014 1:20:32 PM)">
  <sessioninfo id="Frantiseks-MacBook-Pro.local-f4aafb78" start="1415362829889" dump="1415362832071" />
  <group name="streamport">
    <group name="src/main/java">
      <package name="fansek/streamport/support">
        <class name="fansek/streamport/support/Predicates">
          <method name="&lt;clinit&gt;" desc="()V" line="8">
            <counter type="INSTRUCTION" missed="0" covered="5" />
            <counter type="LINE" missed="0" covered="2" />
            <counter type="COMPLEXITY" missed="0" covered="1" />
            <counter type="METHOD" missed="0" covered="1" />
          </method>
          <method name="&lt;init&gt;" desc="()V" line="7">
            <counter type="INSTRUCTION" missed="3" covered="0" />
            <counter type="LINE" missed="1" covered="0" />
            <counter type="COMPLEXITY" missed="1" covered="0" />
            <counter type="METHOD" missed="1" covered="0" />
          </method>
          <method name="equalsTo" desc="(Ljava/lang/Object;)Lfansek/streamport/Predicate;" line="16">
            <counter type="INSTRUCTION" missed="0" covered="5" />
            <counter type="LINE" missed="0" covered="1" />
            <counter type="COMPLEXITY" missed="0" covered="1" />
            <counter type="METHOD" missed="0" covered="1" />
          </method>
          <method name="not" desc="(Lfansek/streamport/Predicate;)Lfansek/streamport/Predicate;" line="20">
            <counter type="INSTRUCTION" missed="0" covered="5" />
            <counter type="LINE" missed="0" covered="1" />
            <counter type="COMPLEXITY" missed="0" covered="1" />
            <counter type="METHOD" missed="0" covered="1" />
          </method>
          <counter type="INSTRUCTION" missed="3" covered="15" />
          <counter type="LINE" missed="1" covered="4" />
          <counter type="COMPLEXITY" missed="1" covered="3" />
          <counter type="METHOD" missed="1" covered="3" />
          <counter type="CLASS" missed="0" covered="1" />
        </class>
        <class name="fansek/streamport/support/Traversables$DefaultStream">
          <method name="&lt;init&gt;" desc="(Lfansek/streamport/Traversable;)V" line="50">
            <counter type="INSTRUCTION" missed="0" covered="9" />
            <counter type="LINE" missed="0" covered="4" />
            <counter type="COMPLEXITY" missed="0" covered="1" />
            <counter type="METHOD" missed="0" covered="1" />
          </method>
          <method name="forEach" desc="(Lfansek/streamport/Consumer;)V" line="57">
            <counter type="INSTRUCTION" missed="0" covered="5" />
            <counter type="LINE" missed="0" covered="2" />
            <counter type="COMPLEXITY" missed="0" covered="1" />
            <counter type="METHOD" missed="0" covered="1" />
          </method>
          <counter type="INSTRUCTION" missed="0" covered="14" />
          <counter type="LINE" missed="0" covered="6" />
          <counter type="COMPLEXITY" missed="0" covered="2" />
          <counter type="METHOD" missed="0" covered="2" />
          <counter type="CLASS" missed="0" covered="1" />
        </class>
        <class name="fansek/streamport/support/Traversables$DefaultTraversable">
          <method name="&lt;init&gt;" desc="(Ljava/lang/Iterable;)V" line="64">
            <counter type="INSTRUCTION" missed="0" covered="9" />
            <counter type="LINE" missed="0" covered="4" />
            <counter type="COMPLEXITY" missed="0" covered="1" />
            <counter type="METHOD" missed="0" covered="1" />
          </method>
          <method name="forEach" desc="(Lfansek/streamport/Consumer;)V" line="71">
            <counter type="INSTRUCTION" missed="0" covered="16" />
            <counter type="BRANCH" missed="0" covered="2" />
            <counter type="LINE" missed="0" covered="3" />
            <counter type="COMPLEXITY" missed="0" covered="2" />
            <counter type="METHOD" missed="0" covered="1" />
          </method>
          <counter type="INSTRUCTION" missed="0" covered="25" />
          <counter type="BRANCH" missed="0" covered="2" />
          <counter type="LINE" missed="0" covered="7" />
          <counter type="COMPLEXITY" missed="0" covered="3" />
          <counter type="METHOD" missed="0" covered="2" />
          <counter type="CLASS" missed="0" covered="1" />
        </class>
        <class name="fansek/streamport/support/Predicates$EqualityPredicate">
          <method name="&lt;init&gt;" desc="(Ljava/lang/Object;)V" line="26">
            <counter type="INSTRUCTION" missed="0" covered="6" />
            <counter type="LINE" missed="0" covered="3" />
            <counter type="COMPLEXITY" missed="0" covered="1" />
            <counter type="METHOD" missed="0" covered="1" />
          </method>
          <method name="test" desc="(Ljava/lang/Object;)Z" line="32">
            <counter type="INSTRUCTION" missed="0" covered="5" />
            <counter type="LINE" missed="0" covered="1" />
            <counter type="COMPLEXITY" missed="0" covered="1" />
            <counter type="METHOD" missed="0" covered="1" />
          </method>
          <counter type="INSTRUCTION" missed="0" covered="11" />
          <counter type="LINE" missed="0" covered="4" />
          <counter type="COMPLEXITY" missed="0" covered="2" />
          <counter type="METHOD" missed="0" covered="2" />
          <counter type="CLASS" missed="0" covered="1" />
        </class>
        <class name="fansek/streamport/support/Traversables$DefaultIterableAccumulator">
          <method name="&lt;init&gt;" desc="()V" line="94">
            <counter type="INSTRUCTION" missed="0" covered="8" />
            <counter type="LINE" missed="0" covered="2" />
            <counter type="COMPLEXITY" missed="0" covered="1" />
            <counter type="METHOD" missed="0" covered="1" />
          </method>
          <method name="accept" desc="(Ljava/lang/Object;)V" line="99">
            <counter type="INSTRUCTION" missed="0" covered="6" />
            <counter type="LINE" missed="0" covered="2" />
            <counter type="COMPLEXITY" missed="0" covered="1" />
            <counter type="METHOD" missed="0" covered="1" />
          </method>
          <method name="getIterable" desc="()Ljava/lang/Iterable;" line="103">
            <counter type="INSTRUCTION" missed="0" covered="3" />
            <counter type="LINE" missed="0" covered="1" />
            <counter type="COMPLEXITY" missed="0" covered="1" />
            <counter type="METHOD" missed="0" covered="1" />
          </method>
          <counter type="INSTRUCTION" missed="0" covered="17" />
          <counter type="LINE" missed="0" covered="5" />
          <counter type="COMPLEXITY" missed="0" covered="3" />
          <counter type="METHOD" missed="0" covered="3" />
          <counter type="CLASS" missed="0" covered="1" />
        </class>
        <class name="fansek/streamport/support/Predicates$NegationPredicate">
          <method name="&lt;init&gt;" desc="(Lfansek/streamport/Predicate;)V" line="39">
            <counter type="INSTRUCTION" missed="0" covered="9" />
            <counter type="LINE" missed="0" covered="4" />
            <counter type="COMPLEXITY" missed="0" covered="1" />
            <counter type="METHOD" missed="0" covered="1" />
          </method>
          <method name="test" desc="(Ljava/lang/Object;)Z" line="46">
            <counter type="INSTRUCTION" missed="0" covered="9" />
            <counter type="BRANCH" missed="0" covered="2" />
            <counter type="LINE" missed="0" covered="1" />
            <counter type="COMPLEXITY" missed="0" covered="2" />
            <counter type="METHOD" missed="0" covered="1" />
          </method>
          <counter type="INSTRUCTION" missed="0" covered="18" />
          <counter type="BRANCH" missed="0" covered="2" />
          <counter type="LINE" missed="0" covered="5" />
          <counter type="COMPLEXITY" missed="0" covered="3" />
          <counter type="METHOD" missed="0" covered="2" />
          <counter type="CLASS" missed="0" covered="1" />
        </class>
        <class name="fansek/streamport/support/Traversables">
          <method name="&lt;init&gt;" desc="()V" line="11">
            <counter type="INSTRUCTION" missed="3" covered="0" />
            <counter type="LINE" missed="1" covered="0" />
            <counter type="COMPLEXITY" missed="1" covered="0" />
            <counter type="METHOD" missed="1" covered="0" />
          </method>
          <method name="fromIterable" desc="(Ljava/lang/Iterable;)Lfansek/streamport/Traversable;" line="14">
            <counter type="INSTRUCTION" missed="0" covered="5" />
            <counter type="LINE" missed="0" covered="1" />
            <counter type="COMPLEXITY" missed="0" covered="1" />
            <counter type="METHOD" missed="0" covered="1" />
          </method>
          <method name="fromArray" desc="([Ljava/lang/Object;)Lfansek/streamport/Traversable;" line="19">
            <counter type="INSTRUCTION" missed="0" covered="5" />
            <counter type="LINE" missed="0" covered="1" />
            <counter type="COMPLEXITY" missed="0" covered="1" />
            <counter type="METHOD" missed="0" covered="1" />
          </method>
          <method name="toIterable" desc="(Lfansek/streamport/Traversable;)Ljava/lang/Iterable;" line="23">
            <counter type="INSTRUCTION" missed="0" covered="13" />
            <counter type="LINE" missed="0" covered="4" />
            <counter type="COMPLEXITY" missed="0" covered="1" />
            <counter type="METHOD" missed="0" covered="1" />
          </method>
          <method name="toStream" desc="(Lfansek/streamport/Traversable;)Lfansek/streamport/Stream;" line="31">
            <counter type="INSTRUCTION" missed="0" covered="8" />
            <counter type="LINE" missed="0" covered="2" />
            <counter type="COMPLEXITY" missed="0" covered="1" />
            <counter type="METHOD" missed="0" covered="1" />
          </method>
          <method name="toStream" desc="([Ljava/lang/Object;)Lfansek/streamport/Stream;" line="37">
            <counter type="INSTRUCTION" missed="0" covered="11" />
            <counter type="LINE" missed="0" covered="2" />
            <counter type="COMPLEXITY" missed="0" covered="1" />
            <counter type="METHOD" missed="0" covered="1" />
          </method>
          <method name="toStream" desc="(Ljava/lang/Iterable;)Lfansek/streamport/Stream;" line="42">
            <counter type="INSTRUCTION" missed="0" covered="9" />
            <counter type="LINE" missed="0" covered="3" />
            <counter type="COMPLEXITY" missed="0" covered="1" />
            <counter type="METHOD" missed="0" covered="1" />
          </method>
          <counter type="INSTRUCTION" missed="3" covered="51" />
          <counter type="LINE" missed="1" covered="13" />
          <counter type="COMPLEXITY" missed="1" covered="6" />
          <counter type="METHOD" missed="1" covered="6" />
          <counter type="CLASS" missed="0" covered="1" />
        </class>
        <class name="fansek/streamport/support/Traversables$ArrayTraversable">
          <method name="&lt;init&gt;" desc="([Ljava/lang/Object;)V" line="81">
            <counter type="INSTRUCTION" missed="0" covered="9" />
            <counter type="LINE" missed="0" covered="4" />
            <counter type="COMPLEXITY" missed="0" covered="1" />
            <counter type="METHOD" missed="0" covered="1" />
          </method>
          <method name="forEach" desc="(Lfansek/streamport/Consumer;)V" line="88">
            <counter type="INSTRUCTION" missed="0" covered="21" />
            <counter type="BRANCH" missed="0" covered="2" />
            <counter type="LINE" missed="0" covered="3" />
            <counter type="COMPLEXITY" missed="0" covered="2" />
            <counter type="METHOD" missed="0" covered="1" />
          </method>
          <counter type="INSTRUCTION" missed="0" covered="30" />
          <counter type="BRANCH" missed="0" covered="2" />
          <counter type="LINE" missed="0" covered="7" />
          <counter type="COMPLEXITY" missed="0" covered="3" />
          <counter type="METHOD" missed="0" covered="2" />
          <counter type="CLASS" missed="0" covered="1" />
        </class>
        <class name="fansek/streamport/support/Predicates$1">
          <method name="&lt;init&gt;" desc="()V" line="1">
            <counter type="INSTRUCTION" missed="0" covered="3" />
            <counter type="LINE" missed="0" covered="2" />
            <counter type="COMPLEXITY" missed="0" covered="1" />
            <counter type="METHOD" missed="0" covered="1" />
          </method>
          <method name="test" desc="(Ljava/lang/Object;)Z" line="11">
            <counter type="INSTRUCTION" missed="0" covered="2" />
            <counter type="LINE" missed="0" covered="1" />
            <counter type="COMPLEXITY" missed="0" covered="1" />
            <counter type="METHOD" missed="0" covered="1" />
          </method>
          <counter type="INSTRUCTION" missed="0" covered="5" />
          <counter type="LINE" missed="0" covered="3" />
          <counter type="COMPLEXITY" missed="0" covered="2" />
          <counter type="METHOD" missed="0" covered="2" />
          <counter type="CLASS" missed="0" covered="1" />
        </class>
        <sourcefile name="Predicates.java">
          <line nr="1" mi="0" ci="1" mb="0" cb="0" />
          <line nr="7" mi="3" ci="0" mb="0" cb="0" />
          <line nr="8" mi="0" ci="6" mb="0" cb="0" />
          <line nr="11" mi="0" ci="2" mb="0" cb="0" />
          <line nr="13" mi="0" ci="1" mb="0" cb="0" />
          <line nr="16" mi="0" ci="5" mb="0" cb="0" />
          <line nr="20" mi="0" ci="5" mb="0" cb="0" />
          <line nr="26" mi="0" ci="2" mb="0" cb="0" />
          <line nr="27" mi="0" ci="3" mb="0" cb="0" />
          <line nr="28" mi="0" ci="1" mb="0" cb="0" />
          <line nr="32" mi="0" ci="5" mb="0" cb="0" />
          <line nr="39" mi="0" ci="2" mb="0" cb="0" />
          <line nr="40" mi="0" ci="3" mb="0" cb="0" />
          <line nr="41" mi="0" ci="3" mb="0" cb="0" />
          <line nr="42" mi="0" ci="1" mb="0" cb="0" />
          <line nr="46" mi="0" ci="9" mb="0" cb="2" />
          <counter type="INSTRUCTION" missed="3" covered="49" />
          <counter type="BRANCH" missed="0" covered="2" />
          <counter type="LINE" missed="1" covered="15" />
          <counter type="COMPLEXITY" missed="1" covered="10" />
          <counter type="METHOD" missed="1" covered="9" />
          <counter type="CLASS" missed="0" covered="4" />
        </sourcefile>
        <sourcefile name="Traversables.java">
          <line nr="11" mi="3" ci="0" mb="0" cb="0" />
          <line nr="14" mi="0" ci="5" mb="0" cb="0" />
          <line nr="19" mi="0" ci="5" mb="0" cb="0" />
          <line nr="23" mi="0" ci="3" mb="0" cb="0" />
          <line nr="25" mi="0" ci="4" mb="0" cb="0" />
          <line nr="26" mi="0" ci="3" mb="0" cb="0" />
          <line nr="27" mi="0" ci="3" mb="0" cb="0" />
          <line nr="31" mi="0" ci="3" mb="0" cb="0" />
          <line nr="32" mi="0" ci="5" mb="0" cb="0" />
          <line nr="37" mi="0" ci="3" mb="0" cb="0" />
          <line nr="38" mi="0" ci="8" mb="0" cb="0" />
          <line nr="42" mi="0" ci="3" mb="0" cb="0" />
          <line nr="43" mi="0" ci="3" mb="0" cb="0" />
          <line nr="44" mi="0" ci="3" mb="0" cb="0" />
          <line nr="50" mi="0" ci="2" mb="0" cb="0" />
          <line nr="51" mi="0" ci="3" mb="0" cb="0" />
          <line nr="52" mi="0" ci="3" mb="0" cb="0" />
          <line nr="53" mi="0" ci="1" mb="0" cb="0" />
          <line nr="57" mi="0" ci="4" mb="0" cb="0" />
          <line nr="58" mi="0" ci="1" mb="0" cb="0" />
          <line nr="64" mi="0" ci="2" mb="0" cb="0" />
          <line nr="65" mi="0" ci="3" mb="0" cb="0" />
          <line nr="66" mi="0" ci="3" mb="0" cb="0" />
          <line nr="67" mi="0" ci="1" mb="0" cb="0" />
          <line nr="71" mi="0" ci="12" mb="0" cb="2" />
          <line nr="72" mi="0" ci="3" mb="0" cb="0" />
          <line nr="74" mi="0" ci="1" mb="0" cb="0" />
          <line nr="81" mi="0" ci="2" mb="0" cb="0" />
          <line nr="82" mi="0" ci="3" mb="0" cb="0" />
          <line nr="83" mi="0" ci="3" mb="0" cb="0" />
          <line nr="84" mi="0" ci="1" mb="0" cb="0" />
          <line nr="88" mi="0" ci="17" mb="0" cb="2" />
          <line nr="89" mi="0" ci="3" mb="0" cb="0" />
          <line nr="91" mi="0" ci="1" mb="0" cb="0" />
          <line nr="94" mi="0" ci="3" mb="0" cb="0" />
          <line nr="95" mi="0" ci="5" mb="0" cb="0" />
          <line nr="99" mi="0" ci="5" mb="0" cb="0" />
          <line nr="100" mi="0" ci="1" mb="0" cb="0" />
          <line nr="103" mi="0" ci="3" mb="0" cb="0" />
          <counter type="INSTRUCTION" missed="3" covered="137" />
          <counter type="BRANCH" missed="0" covered="4" />
          <counter type="LINE" missed="1" covered="38" />
          <counter type="COMPLEXITY" missed="1" covered="17" />
          <counter type="METHOD" missed="1" covered="15" />
          <counter type="CLASS" missed="0" covered="5" />
        </sourcefile>
        <counter type="INSTRUCTION" missed="6" covered="186" />
        <counter type="BRANCH" missed="0" covered="6" />
        <counter type="LINE" missed="2" covered="53" />
        <counter type="COMPLEXITY" missed="2" covered="27" />
        <counter type="METHOD" missed="2" covered="24" />
        <counter type="CLASS" missed="0" covered="9" />
      </package>
      <package name="fansek/streamport/impl">
        <class name="fansek/streamport/impl/AccumulatorStream$AccumulatingConsumer">
          <method name="&lt;init&gt;" desc="(Lfansek/streamport/impl/AccumulatorStream;Lfansek/streamport/Consumer;)V" line="24">
            <counter type="INSTRUCTION" missed="0" covered="7" />
            <counter type="LINE" missed="0" covered="3" />
            <counter type="COMPLEXITY" missed="0" covered="1" />
            <counter type="METHOD" missed="0" covered="1" />
          </method>
          <method name="accept" desc="(Ljava/lang/Object;)V" line="30">
            <counter type="INSTRUCTION" missed="0" covered="8" />
            <counter type="LINE" missed="0" covered="2" />
            <counter type="COMPLEXITY" missed="0" covered="1" />
            <counter type="METHOD" missed="0" covered="1" />
          </method>
          <counter type="INSTRUCTION" missed="0" covered="15" />
          <counter type="LINE" missed="0" covered="5" />
          <counter type="COMPLEXITY" missed="0" covered="2" />
          <counter type="METHOD" missed="0" covered="2" />
          <counter type="CLASS" missed="0" covered="1" />
        </class>
        <class name="fansek/streamport/impl/FilterStream$FilteringConsumer">
          <method name="&lt;init&gt;" desc="(Lfansek/streamport/impl/FilterStream;Lfansek/streamport/Consumer;)V" line="24">
            <counter type="INSTRUCTION" missed="0" covered="7" />
            <counter type="LINE" missed="0" covered="3" />
            <counter type="COMPLEXITY" missed="0" covered="1" />
            <counter type="METHOD" missed="0" covered="1" />
          </method>
          <method name="accept" desc="(Ljava/lang/Object;)V" line="30">
            <counter type="INSTRUCTION" missed="0" covered="11" />
            <counter type="BRANCH" missed="0" covered="2" />
            <counter type="LINE" missed="0" covered="3" />
            <counter type="COMPLEXITY" missed="0" covered="2" />
            <counter type="METHOD" missed="0" covered="1" />
          </method>
          <counter type="INSTRUCTION" missed="0" covered="18" />
          <counter type="BRANCH" missed="0" covered="2" />
          <counter type="LINE" missed="0" covered="6" />
          <counter type="COMPLEXITY" missed="0" covered="3" />
          <counter type="METHOD" missed="0" covered="2" />
          <counter type="CLASS" missed="0" covered="1" />
        </class>
        <class name="fansek/streamport/impl/DownStream">
          <method name="&lt;init&gt;" desc="(Lfansek/streamport/Stream;)V" line="11">
            <counter type="INSTRUCTION" missed="0" covered="9" />
            <counter type="LINE" missed="0" covered="4" />
            <counter type="COMPLEXITY" missed="0" covered="1" />
            <counter type="METHOD" missed="0" covered="1" />
          </method>
          <method name="forEach" desc="(Lfansek/streamport/Consumer;)V" line="18">
            <counter type="INSTRUCTION" missed="0" covered="9" />
            <counter type="LINE" missed="0" covered="3" />
            <counter type="COMPLEXITY" missed="0" covered="1" />
            <counter type="METHOD" missed="0" covered="1" />
          </method>
          <counter type="INSTRUCTION" missed="0" covered="18" />
          <counter type="LINE" missed="0" covered="7" />
          <counter type="COMPLEXITY" missed="0" covered="2" />
          <counter type="METHOD" missed="0" covered="2" />
          <counter type="CLASS" missed="0" covered="1" />
        </class>
        <class name="fansek/streamport/impl/UpConsumer">
          <method name="&lt;init&gt;" desc="(Lfansek/streamport/Consumer;)V" line="10">
            <counter type="INSTRUCTION" missed="0" covered="9" />
            <counter type="LINE" missed="0" covered="4" />
            <counter type="COMPLEXITY" missed="0" covered="1" />
            <counter type="METHOD" missed="0" covered="1" />
          </method>
          <counter type="INSTRUCTION" missed="0" covered="9" />
          <counter type="LINE" missed="0" covered="4" />
          <counter type="COMPLEXITY" missed="0" covered="1" />
          <counter type="METHOD" missed="0" covered="1" />
          <counter type="CLASS" missed="0" covered="1" />
        </class>
        <class name="fansek/streamport/impl/MapStream">
          <method name="&lt;init&gt;" desc="(Lfansek/streamport/Stream;Lfansek/streamport/Function;)V" line="13">
            <counter type="INSTRUCTION" missed="0" covered="10" />
            <counter type="LINE" missed="0" covered="4" />
            <counter type="COMPLEXITY" missed="0" covered="1" />
            <counter type="METHOD" missed="0" covered="1" />
          </method>
          <method name="createUpConsumer" desc="(Lfansek/streamport/Consumer;)Lfansek/streamport/Consumer;" line="20">
            <counter type="INSTRUCTION" missed="0" covered="6" />
            <counter type="LINE" missed="0" covered="1" />
            <counter type="COMPLEXITY" missed="0" covered="1" />
            <counter type="METHOD" missed="0" covered="1" />
          </method>
          <counter type="INSTRUCTION" missed="0" covered="16" />
          <counter type="LINE" missed="0" covered="5" />
          <counter type="COMPLEXITY" missed="0" covered="2" />
          <counter type="METHOD" missed="0" covered="2" />
          <counter type="CLASS" missed="0" covered="1" />
        </class>
        <class name="fansek/streamport/impl/FlatMapStream$FlatMappingConsumer">
          <method name="&lt;init&gt;" desc="(Lfansek/streamport/impl/FlatMapStream;Lfansek/streamport/Consumer;)V" line="25">
            <counter type="INSTRUCTION" missed="0" covered="7" />
            <counter type="LINE" missed="0" covered="3" />
            <counter type="COMPLEXITY" missed="0" covered="1" />
            <counter type="METHOD" missed="0" covered="1" />
          </method>
          <method name="accept" desc="(Ljava/lang/Object;)V" line="31">
            <counter type="INSTRUCTION" missed="0" covered="14" />
            <counter type="BRANCH" missed="1" covered="1" />
            <counter type="LINE" missed="0" covered="4" />
            <counter type="COMPLEXITY" missed="1" covered="1" />
            <counter type="METHOD" missed="0" covered="1" />
          </method>
          <counter type="INSTRUCTION" missed="0" covered="21" />
          <counter type="BRANCH" missed="1" covered="1" />
          <counter type="LINE" missed="0" covered="7" />
          <counter type="COMPLEXITY" missed="1" covered="2" />
          <counter type="METHOD" missed="0" covered="2" />
          <counter type="CLASS" missed="0" covered="1" />
        </class>
        <class name="fansek/streamport/impl/AccumulatorStream">
          <method name="&lt;init&gt;" desc="(Lfansek/streamport/Stream;Lfansek/streamport/Accumulator;)V" line="13">
            <counter type="INSTRUCTION" missed="0" covered="10" />
            <counter type="LINE" missed="0" covered="4" />
            <counter type="COMPLEXITY" missed="0" covered="1" />
            <counter type="METHOD" missed="0" covered="1" />
          </method>
          <method name="createUpConsumer" desc="(Lfansek/streamport/Consumer;)Lfansek/streamport/Consumer;" line="20">
            <counter type="INSTRUCTION" missed="0" covered="6" />
            <counter type="LINE" missed="0" covered="1" />
            <counter type="COMPLEXITY" missed="0" covered="1" />
            <counter type="METHOD" missed="0" covered="1" />
          </method>
          <counter type="INSTRUCTION" missed="0" covered="16" />
          <counter type="LINE" missed="0" covered="5" />
          <counter type="COMPLEXITY" missed="0" covered="2" />
          <counter type="METHOD" missed="0" covered="2" />
          <counter type="CLASS" missed="0" covered="1" />
        </class>
        <class name="fansek/streamport/impl/FlatMapStream">
          <method name="&lt;init&gt;" desc="(Lfansek/streamport/Stream;Lfansek/streamport/Function;)V" line="14">
            <counter type="INSTRUCTION" missed="0" covered="10" />
            <counter type="LINE" missed="0" covered="4" />
            <counter type="COMPLEXITY" missed="0" covered="1" />
            <counter type="METHOD" missed="0" covered="1" />
          </method>
          <method name="createUpConsumer" desc="(Lfansek/streamport/Consumer;)Lfansek/streamport/Consumer;" line="21">
            <counter type="INSTRUCTION" missed="0" covered="6" />
            <counter type="LINE" missed="0" covered="1" />
            <counter type="COMPLEXITY" missed="0" covered="1" />
            <counter type="METHOD" missed="0" covered="1" />
          </method>
          <counter type="INSTRUCTION" missed="0" covered="16" />
          <counter type="LINE" missed="0" covered="5" />
          <counter type="COMPLEXITY" missed="0" covered="2" />
          <counter type="METHOD" missed="0" covered="2" />
          <counter type="CLASS" missed="0" covered="1" />
        </class>
        <class name="fansek/streamport/impl/FilterStream">
          <method name="&lt;init&gt;" desc="(Lfansek/streamport/Stream;Lfansek/streamport/Predicate;)V" line="13">
            <counter type="INSTRUCTION" missed="0" covered="10" />
            <counter type="LINE" missed="0" covered="4" />
            <counter type="COMPLEXITY" missed="0" covered="1" />
            <counter type="METHOD" missed="0" covered="1" />
          </method>
          <method name="createUpConsumer" desc="(Lfansek/streamport/Consumer;)Lfansek/streamport/Consumer;" line="20">
            <counter type="INSTRUCTION" missed="0" covered="6" />
            <counter type="LINE" missed="0" covered="1" />
            <counter type="COMPLEXITY" missed="0" covered="1" />
            <counter type="METHOD" missed="0" covered="1" />
          </method>
          <counter type="INSTRUCTION" missed="0" covered="16" />
          <counter type="LINE" missed="0" covered="5" />
          <counter type="COMPLEXITY" missed="0" covered="2" />
          <counter type="METHOD" missed="0" covered="2" />
          <counter type="CLASS" missed="0" covered="1" />
        </class>
        <class name="fansek/streamport/impl/MapStream$MappingConsumer">
          <method name="&lt;init&gt;" desc="(Lfansek/streamport/impl/MapStream;Lfansek/streamport/Consumer;)V" line="24">
            <counter type="INSTRUCTION" missed="0" covered="7" />
            <counter type="LINE" missed="0" covered="3" />
            <counter type="COMPLEXITY" missed="0" covered="1" />
            <counter type="METHOD" missed="0" covered="1" />
          </method>
          <method name="accept" desc="(Ljava/lang/Object;)V" line="30">
            <counter type="INSTRUCTION" missed="0" covered="9" />
            <counter type="LINE" missed="0" covered="2" />
            <counter type="COMPLEXITY" missed="0" covered="1" />
            <counter type="METHOD" missed="0" covered="1" />
          </method>
          <counter type="INSTRUCTION" missed="0" covered="16" />
          <counter type="LINE" missed="0" covered="5" />
          <counter type="COMPLEXITY" missed="0" covered="2" />
          <counter type="METHOD" missed="0" covered="2" />
          <counter type="CLASS" missed="0" covered="1" />
        </class>
        <class name="fansek/streamport/impl/AbstractStream">
          <method name="&lt;init&gt;" desc="()V" line="10">
            <counter type="INSTRUCTION" missed="0" covered="3" />
            <counter type="LINE" missed="0" covered="1" />
            <counter type="COMPLEXITY" missed="0" covered="1" />
            <counter type="METHOD" missed="0" covered="1" />
          </method>
          <method name="filter" desc="(Lfansek/streamport/Predicate;)Lfansek/streamport/Stream;" line="16">
            <counter type="INSTRUCTION" missed="0" covered="6" />
            <counter type="LINE" missed="0" covered="1" />
            <counter type="COMPLEXITY" missed="0" covered="1" />
            <counter type="METHOD" missed="0" covered="1" />
          </method>
          <method name="map" desc="(Lfansek/streamport/Function;)Lfansek/streamport/Stream;" line="21">
            <counter type="INSTRUCTION" missed="0" covered="6" />
            <counter type="LINE" missed="0" covered="1" />
            <counter type="COMPLEXITY" missed="0" covered="1" />
            <counter type="METHOD" missed="0" covered="1" />
          </method>
          <method name="flatMap" desc="(Lfansek/streamport/Function;)Lfansek/streamport/Stream;" line="26">
            <counter type="INSTRUCTION" missed="0" covered="6" />
            <counter type="LINE" missed="0" covered="1" />
            <counter type="COMPLEXITY" missed="0" covered="1" />
            <counter type="METHOD" missed="0" covered="1" />
          </method>
          <method name="accumulate" desc="(Lfansek/streamport/Accumulator;)Lfansek/streamport/Stream;" line="31">
            <counter type="INSTRUCTION" missed="0" covered="6" />
            <counter type="LINE" missed="0" covered="1" />
            <counter type="COMPLEXITY" missed="0" covered="1" />
            <counter type="METHOD" missed="0" covered="1" />
          </method>
          <counter type="INSTRUCTION" missed="0" covered="27" />
          <counter type="LINE" missed="0" covered="5" />
          <counter type="COMPLEXITY" missed="0" covered="5" />
          <counter type="METHOD" missed="0" covered="5" />
          <counter type="CLASS" missed="0" covered="1" />
        </class>
        <sourcefile name="DownStream.java">
          <line nr="11" mi="0" ci="2" mb="0" cb="0" />
          <line nr="12" mi="0" ci="3" mb="0" cb="0" />
          <line nr="13" mi="0" ci="3" mb="0" cb="0" />
          <line nr="14" mi="0" ci="1" mb="0" cb="0" />
          <line nr="18" mi="0" ci="4" mb="0" cb="0" />
          <line nr="19" mi="0" ci="4" mb="0" cb="0" />
          <line nr="20" mi="0" ci="1" mb="0" cb="0" />
          <counter type="INSTRUCTION" missed="0" covered="18" />
          <counter type="LINE" missed="0" covered="7" />
          <counter type="COMPLEXITY" missed="0" covered="2" />
          <counter type="METHOD" missed="0" covered="2" />
          <counter type="CLASS" missed="0" covered="1" />
        </sourcefile>
        <sourcefile name="FilterStream.java">
          <line nr="13" mi="0" ci="3" mb="0" cb="0" />
          <line nr="14" mi="0" ci="3" mb="0" cb="0" />
          <line nr="15" mi="0" ci="3" mb="0" cb="0" />
          <line nr="16" mi="0" ci="1" mb="0" cb="0" />
          <line nr="20" mi="0" ci="6" mb="0" cb="0" />
          <line nr="24" mi="0" ci="3" mb="0" cb="0" />
          <line nr="25" mi="0" ci="3" mb="0" cb="0" />
          <line nr="26" mi="0" ci="1" mb="0" cb="0" />
          <line nr="30" mi="0" ci="6" mb="0" cb="2" />
          <line nr="31" mi="0" ci="4" mb="0" cb="0" />
          <line nr="33" mi="0" ci="1" mb="0" cb="0" />
          <counter type="INSTRUCTION" missed="0" covered="34" />
          <counter type="BRANCH" missed="0" covered="2" />
          <counter type="LINE" missed="0" covered="11" />
          <counter type="COMPLEXITY" missed="0" covered="5" />
          <counter type="METHOD" missed="0" covered="4" />
          <counter type="CLASS" missed="0" covered="2" />
        </sourcefile>
        <sourcefile name="FlatMapStream.java">
          <line nr="14" mi="0" ci="3" mb="0" cb="0" />
          <line nr="15" mi="0" ci="3" mb="0" cb="0" />
          <line nr="16" mi="0" ci="3" mb="0" cb="0" />
          <line nr="17" mi="0" ci="1" mb="0" cb="0" />
          <line nr="21" mi="0" ci="6" mb="0" cb="0" />
          <line nr="25" mi="0" ci="3" mb="0" cb="0" />
          <line nr="26" mi="0" ci="3" mb="0" cb="0" />
          <line nr="27" mi="0" ci="1" mb="0" cb="0" />
          <line nr="31" mi="0" ci="7" mb="0" cb="0" />
          <line nr="32" mi="0" ci="2" mb="1" cb="1" />
          <line nr="33" mi="0" ci="4" mb="0" cb="0" />
          <line nr="35" mi="0" ci="1" mb="0" cb="0" />
          <counter type="INSTRUCTION" missed="0" covered="37" />
          <counter type="BRANCH" missed="1" covered="1" />
          <counter type="LINE" missed="0" covered="12" />
          <counter type="COMPLEXITY" missed="1" covered="4" />
          <counter type="METHOD" missed="0" covered="4" />
          <counter type="CLASS" missed="0" covered="2" />
        </sourcefile>
        <sourcefile name="AccumulatorStream.java">
          <line nr="13" mi="0" ci="3" mb="0" cb="0" />
          <line nr="14" mi="0" ci="3" mb="0" cb="0" />
          <line nr="15" mi="0" ci="3" mb="0" cb="0" />
          <line nr="16" mi="0" ci="1" mb="0" cb="0" />
          <line nr="20" mi="0" ci="6" mb="0" cb="0" />
          <line nr="24" mi="0" ci="3" mb="0" cb="0" />
          <line nr="25" mi="0" ci="3" mb="0" cb="0" />
          <line nr="26" mi="0" ci="1" mb="0" cb="0" />
          <line nr="30" mi="0" ci="7" mb="0" cb="0" />
          <line nr="31" mi="0" ci="1" mb="0" cb="0" />
          <counter type="INSTRUCTION" missed="0" covered="31" />
          <counter type="LINE" missed="0" covered="10" />
          <counter type="COMPLEXITY" missed="0" covered="4" />
          <counter type="METHOD" missed="0" covered="4" />
          <counter type="CLASS" missed="0" covered="2" />
        </sourcefile>
        <sourcefile name="MapStream.java">
          <line nr="13" mi="0" ci="3" mb="0" cb="0" />
          <line nr="14" mi="0" ci="3" mb="0" cb="0" />
          <line nr="15" mi="0" ci="3" mb="0" cb="0" />
          <line nr="16" mi="0" ci="1" mb="0" cb="0" />
          <line nr="20" mi="0" ci="6" mb="0" cb="0" />
          <line nr="24" mi="0" ci="3" mb="0" cb="0" />
          <line nr="25" mi="0" ci="3" mb="0" cb="0" />
          <line nr="26" mi="0" ci="1" mb="0" cb="0" />
          <line nr="30" mi="0" ci="8" mb="0" cb="0" />
          <line nr="31" mi="0" ci="1" mb="0" cb="0" />
          <counter type="INSTRUCTION" missed="0" covered="32" />
          <counter type="LINE" missed="0" covered="10" />
          <counter type="COMPLEXITY" missed="0" covered="4" />
          <counter type="METHOD" missed="0" covered="4" />
          <counter type="CLASS" missed="0" covered="2" />
        </sourcefile>
        <sourcefile name="AbstractStream.java">
          <line nr="10" mi="0" ci="3" mb="0" cb="0" />
          <line nr="16" mi="0" ci="6" mb="0" cb="0" />
          <line nr="21" mi="0" ci="6" mb="0" cb="0" />
          <line nr="26" mi="0" ci="6" mb="0" cb="0" />
          <line nr="31" mi="0" ci="6" mb="0" cb="0" />
          <counter type="INSTRUCTION" missed="0" covered="27" />
          <counter type="LINE" missed="0" covered="5" />
          <counter type="COMPLEXITY" missed="0" covered="5" />
          <counter type="METHOD" missed="0" covered="5" />
          <counter type="CLASS" missed="0" covered="1" />
        </sourcefile>
        <sourcefile name="UpConsumer.java">
          <line nr="10" mi="0" ci="2" mb="0" cb="0" />
          <line nr="11" mi="0" ci="3" mb="0" cb="0" />
          <line nr="12" mi="0" ci="3" mb="0" cb="0" />
          <line nr="13" mi="0" ci="1" mb="0" cb="0" />
          <counter type="INSTRUCTION" missed="0" covered="9" />
          <counter type="LINE" missed="0" covered="4" />
          <counter type="COMPLEXITY" missed="0" covered="1" />
          <counter type="METHOD" missed="0" covered="1" />
          <counter type="CLASS" missed="0" covered="1" />
        </sourcefile>
        <counter type="INSTRUCTION" missed="0" covered="188" />
        <counter type="BRANCH" missed="1" covered="3" />
        <counter type="LINE" missed="0" covered="59" />
        <counter type="COMPLEXITY" missed="1" covered="25" />
        <counter type="METHOD" missed="0" covered="24" />
        <counter type="CLASS" missed="0" covered="11" />
      </package>
      <counter type="INSTRUCTION" missed="6" covered="374" />
      <counter type="BRANCH" missed="1" covered="9" />
      <counter type="LINE" missed="2" covered="112" />
      <counter type="COMPLEXITY" missed="3" covered="52" />
      <counter type="METHOD" missed="2" covered="48" />
      <counter type="CLASS" missed="0" covered="20" />
    </group>
    <group name="src/test/java">
      <package name="fansek/streamport/impl">
        <class name="fansek/streamport/impl/TraversablesTest">
          <method name="&lt;init&gt;" desc="()V" line="17">
            <counter type="INSTRUCTION" missed="0" covered="3" />
            <counter type="LINE" missed="0" covered="1" />
            <counter type="COMPLEXITY" missed="0" covered="1" />
            <counter type="METHOD" missed="0" covered="1" />
          </method>
          <method name="testFromIterableCallWithNull" desc="()V" line="21">
            <counter type="INSTRUCTION" missed="4" covered="0" />
            <counter type="LINE" missed="2" covered="0" />
            <counter type="COMPLEXITY" missed="1" covered="0" />
            <counter type="METHOD" missed="1" covered="0" />
          </method>
          <method name="testFromIterableCallWithNonEmptyIterable" desc="()V" line="26">
            <counter type="INSTRUCTION" missed="0" covered="35" />
            <counter type="LINE" missed="0" covered="8" />
            <counter type="COMPLEXITY" missed="0" covered="1" />
            <counter type="METHOD" missed="0" covered="1" />
          </method>
          <method name="testFromIterableCallWithEmptyIterable" desc="()V" line="43">
            <counter type="INSTRUCTION" missed="0" covered="10" />
            <counter type="LINE" missed="0" covered="3" />
            <counter type="COMPLEXITY" missed="0" covered="1" />
            <counter type="METHOD" missed="0" covered="1" />
          </method>
          <method name="testToIterableCallWithNull" desc="()V" line="54">
            <counter type="INSTRUCTION" missed="4" covered="0" />
            <counter type="LINE" missed="2" covered="0" />
            <counter type="COMPLEXITY" missed="1" covered="0" />
            <counter type="METHOD" missed="1" covered="0" />
          </method>
          <method name="testToIterableCallWithNonEmptyTraversable" desc="()V" line="59">
            <counter type="INSTRUCTION" missed="0" covered="31" />
            <counter type="LINE" missed="0" covered="8" />
            <counter type="COMPLEXITY" missed="0" covered="1" />
            <counter type="METHOD" missed="0" covered="1" />
          </method>
          <method name="testToIterableCallWithEmptyTraversable" desc="()V" line="76">
            <counter type="INSTRUCTION" missed="13" covered="0" />
            <counter type="LINE" missed="4" covered="0" />
            <counter type="COMPLEXITY" missed="1" covered="0" />
            <counter type="METHOD" missed="1" covered="0" />
          </method>
          <method name="testToStreamCallWithNullTraversable" desc="()V" line="87">
            <counter type="INSTRUCTION" missed="6" covered="0" />
            <counter type="LINE" missed="3" covered="0" />
            <counter type="COMPLEXITY" missed="1" covered="0" />
            <counter type="METHOD" missed="1" covered="0" />
          </method>
          <method name="testToStreamCallWithNonEmptyTraversable" desc="()V" line="93">
            <counter type="INSTRUCTION" missed="0" covered="41" />
            <counter type="LINE" missed="0" covered="8" />
            <counter type="COMPLEXITY" missed="0" covered="1" />
            <counter type="METHOD" missed="0" covered="1" />
          </method>
          <method name="testToStreamCallWithEmptyTraversable" desc="()V" line="118">
            <counter type="INSTRUCTION" missed="0" covered="13" />
            <counter type="LINE" missed="0" covered="3" />
            <counter type="COMPLEXITY" missed="0" covered="1" />
            <counter type="METHOD" missed="0" covered="1" />
          </method>
          <method name="testToStreamCallWithNullIterable" desc="()V" line="134">
            <counter type="INSTRUCTION" missed="6" covered="0" />
            <counter type="LINE" missed="3" covered="0" />
            <counter type="COMPLEXITY" missed="1" covered="0" />
            <counter type="METHOD" missed="1" covered="0" />
          </method>
          <method name="testToStreamCallWithNonEmptyIterable" desc="()V" line="140">
            <counter type="INSTRUCTION" missed="0" covered="37" />
            <counter type="LINE" missed="0" covered="8" />
            <counter type="COMPLEXITY" missed="0" covered="1" />
            <counter type="METHOD" missed="0" covered="1" />
          </method>
          <method name="testToStreamCallWithEmptyIterable" desc="()V" line="158">
            <counter type="INSTRUCTION" missed="0" covered="12" />
            <counter type="LINE" missed="0" covered="3" />
            <counter type="COMPLEXITY" missed="0" covered="1" />
            <counter type="METHOD" missed="0" covered="1" />
          </method>
          <counter type="INSTRUCTION" missed="33" covered="182" />
          <counter type="LINE" missed="14" covered="42" />
          <counter type="COMPLEXITY" missed="5" covered="8" />
          <counter type="METHOD" missed="5" covered="8" />
          <counter type="CLASS" missed="0" covered="1" />
        </class>
        <class name="fansek/streamport/impl/TraversablesTest$3">
          <method name="&lt;init&gt;" desc="(Lfansek/streamport/impl/TraversablesTest;)V" line="1">
            <counter type="INSTRUCTION" missed="0" covered="6" />
            <counter type="LINE" missed="0" covered="2" />
            <counter type="COMPLEXITY" missed="0" covered="1" />
            <counter type="METHOD" missed="0" covered="1" />
          </method>
          <method name="forEach" desc="(Lfansek/streamport/Consumer;)V" line="62">
            <counter type="INSTRUCTION" missed="0" covered="9" />
            <counter type="LINE" missed="0" covered="3" />
            <counter type="COMPLEXITY" missed="0" covered="1" />
            <counter type="METHOD" missed="0" covered="1" />
          </method>
          <counter type="INSTRUCTION" missed="0" covered="15" />
          <counter type="LINE" missed="0" covered="5" />
          <counter type="COMPLEXITY" missed="0" covered="2" />
          <counter type="METHOD" missed="0" covered="2" />
          <counter type="CLASS" missed="0" covered="1" />
        </class>
        <class name="fansek/streamport/impl/TraversablesTest$10">
          <method name="&lt;init&gt;" desc="(Lfansek/streamport/impl/TraversablesTest;)V" line="1">
            <counter type="INSTRUCTION" missed="0" covered="6" />
            <counter type="LINE" missed="0" covered="2" />
            <counter type="COMPLEXITY" missed="0" covered="1" />
            <counter type="METHOD" missed="0" covered="1" />
          </method>
          <method name="accept" desc="(Ljava/lang/Object;)V" line="162">
            <counter type="INSTRUCTION" missed="3" covered="0" />
            <counter type="LINE" missed="2" covered="0" />
            <counter type="COMPLEXITY" missed="1" covered="0" />
            <counter type="METHOD" missed="1" covered="0" />
          </method>
          <counter type="INSTRUCTION" missed="3" covered="6" />
          <counter type="LINE" missed="2" covered="2" />
          <counter type="COMPLEXITY" missed="1" covered="1" />
          <counter type="METHOD" missed="1" covered="1" />
          <counter type="CLASS" missed="0" covered="1" />
        </class>
        <class name="fansek/streamport/impl/AbstractStreamTest$3">
          <method name="&lt;init&gt;" desc="(Lfansek/streamport/impl/AbstractStreamTest;)V" line="1">
            <counter type="INSTRUCTION" missed="0" covered="6" />
            <counter type="LINE" missed="0" covered="2" />
            <counter type="COMPLEXITY" missed="0" covered="1" />
            <counter type="METHOD" missed="0" covered="1" />
          </method>
          <method name="accept" desc="(Ljava/lang/Object;)V" line="78">
            <counter type="INSTRUCTION" missed="3" covered="0" />
            <counter type="LINE" missed="2" covered="0" />
            <counter type="COMPLEXITY" missed="1" covered="0" />
            <counter type="METHOD" missed="1" covered="0" />
          </method>
          <counter type="INSTRUCTION" missed="3" covered="6" />
          <counter type="LINE" missed="2" covered="2" />
          <counter type="COMPLEXITY" missed="1" covered="1" />
          <counter type="METHOD" missed="1" covered="1" />
          <counter type="CLASS" missed="0" covered="1" />
        </class>
        <class name="fansek/streamport/impl/AbstractStreamTest$20">
          <method name="&lt;init&gt;" desc="(Lfansek/streamport/impl/AbstractStreamTest;)V" line="1">
            <counter type="INSTRUCTION" missed="0" covered="6" />
            <counter type="LINE" missed="0" covered="2" />
            <counter type="COMPLEXITY" missed="0" covered="1" />
            <counter type="METHOD" missed="0" covered="1" />
          </method>
          <method name="forEach" desc="(Lfansek/streamport/Consumer;)V" line="254">
            <counter type="INSTRUCTION" missed="7" covered="40" />
            <counter type="LINE" missed="3" covered="10" />
            <counter type="COMPLEXITY" missed="0" covered="1" />
            <counter type="METHOD" missed="0" covered="1" />
          </method>
          <counter type="INSTRUCTION" missed="7" covered="46" />
          <counter type="LINE" missed="3" covered="12" />
          <counter type="COMPLEXITY" missed="0" covered="2" />
          <counter type="METHOD" missed="0" covered="2" />
          <counter type="CLASS" missed="0" covered="1" />
        </class>
        <class name="fansek/streamport/impl/TraversablesTest$1">
          <method name="&lt;init&gt;" desc="(Lfansek/streamport/impl/TraversablesTest;Ljava/util/LinkedList;)V" line="1">
            <counter type="INSTRUCTION" missed="0" covered="9" />
            <counter type="LINE" missed="0" covered="2" />
            <counter type="COMPLEXITY" missed="0" covered="1" />
            <counter type="METHOD" missed="0" covered="1" />
          </method>
          <method name="accept" desc="(Ljava/lang/Object;)V" line="35">
            <counter type="INSTRUCTION" missed="0" covered="6" />
            <counter type="LINE" missed="0" covered="2" />
            <counter type="COMPLEXITY" missed="0" covered="1" />
            <counter type="METHOD" missed="0" covered="1" />
          </method>
          <counter type="INSTRUCTION" missed="0" covered="15" />
          <counter type="LINE" missed="0" covered="4" />
          <counter type="COMPLEXITY" missed="0" covered="2" />
          <counter type="METHOD" missed="0" covered="2" />
          <counter type="CLASS" missed="0" covered="1" />
        </class>
        <class name="fansek/streamport/impl/AbstractStreamTest$7">
          <method name="&lt;init&gt;" desc="(Lfansek/streamport/impl/AbstractStreamTest;)V" line="1">
            <counter type="INSTRUCTION" missed="0" covered="6" />
            <counter type="LINE" missed="0" covered="2" />
            <counter type="COMPLEXITY" missed="0" covered="1" />
            <counter type="METHOD" missed="0" covered="1" />
          </method>
          <method name="accept" desc="(Ljava/lang/Object;)V" line="118">
            <counter type="INSTRUCTION" missed="3" covered="0" />
            <counter type="LINE" missed="2" covered="0" />
            <counter type="COMPLEXITY" missed="1" covered="0" />
            <counter type="METHOD" missed="1" covered="0" />
          </method>
          <counter type="INSTRUCTION" missed="3" covered="6" />
          <counter type="LINE" missed="2" covered="2" />
          <counter type="COMPLEXITY" missed="1" covered="1" />
          <counter type="METHOD" missed="1" covered="1" />
          <counter type="CLASS" missed="0" covered="1" />
        </class>
        <class name="fansek/streamport/impl/AbstractStreamTest$1">
          <method name="&lt;init&gt;" desc="(Lfansek/streamport/impl/AbstractStreamTest;Ljava/util/LinkedList;)V" line="1">
            <counter type="INSTRUCTION" missed="0" covered="9" />
            <counter type="LINE" missed="0" covered="2" />
            <counter type="COMPLEXITY" missed="0" covered="1" />
            <counter type="METHOD" missed="0" covered="1" />
          </method>
          <method name="accept" desc="(Ljava/lang/Object;)V" line="50">
            <counter type="INSTRUCTION" missed="2" covered="13" />
            <counter type="BRANCH" missed="1" covered="1" />
            <counter type="LINE" missed="1" covered="3" />
            <counter type="COMPLEXITY" missed="1" covered="1" />
            <counter type="METHOD" missed="0" covered="1" />
          </method>
          <counter type="INSTRUCTION" missed="2" covered="22" />
          <counter type="BRANCH" missed="1" covered="1" />
          <counter type="LINE" missed="1" covered="5" />
          <counter type="COMPLEXITY" missed="1" covered="2" />
          <counter type="METHOD" missed="0" covered="2" />
          <counter type="CLASS" missed="0" covered="1" />
        </class>
        <class name="fansek/streamport/impl/AbstractStreamTest$6">
          <method name="&lt;init&gt;" desc="(Lfansek/streamport/impl/AbstractStreamTest;)V" line="1">
            <counter type="INSTRUCTION" missed="0" covered="6" />
            <counter type="LINE" missed="0" covered="2" />
            <counter type="COMPLEXITY" missed="0" covered="1" />
            <counter type="METHOD" missed="0" covered="1" />
          </method>
          <method name="apply" desc="(Ljava/lang/Object;)Ljava/lang/Object;" line="112">
            <counter type="INSTRUCTION" missed="2" covered="0" />
            <counter type="LINE" missed="1" covered="0" />
            <counter type="COMPLEXITY" missed="1" covered="0" />
            <counter type="METHOD" missed="1" covered="0" />
          </method>
          <counter type="INSTRUCTION" missed="2" covered="6" />
          <counter type="LINE" missed="1" covered="2" />
          <counter type="COMPLEXITY" missed="1" covered="1" />
          <counter type="METHOD" missed="1" covered="1" />
          <counter type="CLASS" missed="0" covered="1" />
        </class>
        <class name="fansek/streamport/impl/AbstractStreamTest$14">
          <method name="&lt;init&gt;" desc="(Lfansek/streamport/impl/AbstractStreamTest;)V" line="1">
            <counter type="INSTRUCTION" missed="0" covered="6" />
            <counter type="LINE" missed="0" covered="2" />
            <counter type="COMPLEXITY" missed="0" covered="1" />
            <counter type="METHOD" missed="0" covered="1" />
          </method>
          <method name="accept" desc="(Ljava/lang/Object;Lfansek/streamport/Consumer;)V" line="195">
            <counter type="INSTRUCTION" missed="5" covered="0" />
            <counter type="LINE" missed="2" covered="0" />
            <counter type="COMPLEXITY" missed="1" covered="0" />
            <counter type="METHOD" missed="1" covered="0" />
          </method>
          <counter type="INSTRUCTION" missed="5" covered="6" />
          <counter type="LINE" missed="2" covered="2" />
          <counter type="COMPLEXITY" missed="1" covered="1" />
          <counter type="METHOD" missed="1" covered="1" />
          <counter type="CLASS" missed="0" covered="1" />
        </class>
        <class name="fansek/streamport/impl/TraversablesTest$4">
          <method name="&lt;init&gt;" desc="(Lfansek/streamport/impl/TraversablesTest;)V" line="1">
            <counter type="INSTRUCTION" missed="0" covered="6" />
            <counter type="LINE" missed="0" covered="2" />
            <counter type="COMPLEXITY" missed="0" covered="1" />
            <counter type="METHOD" missed="0" covered="1" />
          </method>
          <method name="forEach" desc="(Lfansek/streamport/Consumer;)V" line="79">
            <counter type="INSTRUCTION" missed="0" covered="1" />
            <counter type="LINE" missed="0" covered="1" />
            <counter type="COMPLEXITY" missed="0" covered="1" />
            <counter type="METHOD" missed="0" covered="1" />
          </method>
          <counter type="INSTRUCTION" missed="0" covered="7" />
          <counter type="LINE" missed="0" covered="3" />
          <counter type="COMPLEXITY" missed="0" covered="2" />
          <counter type="METHOD" missed="0" covered="2" />
          <counter type="CLASS" missed="0" covered="1" />
        </class>
        <class name="fansek/streamport/impl/AbstractStreamTest">
          <method name="&lt;init&gt;" desc="()V" line="28">
            <counter type="INSTRUCTION" missed="0" covered="3" />
            <counter type="LINE" missed="0" covered="1" />
            <counter type="COMPLEXITY" missed="0" covered="1" />
            <counter type="METHOD" missed="0" covered="1" />
          </method>
          <method name="init" desc="()V" line="34">
            <counter type="INSTRUCTION" missed="0" covered="26" />
            <counter type="LINE" missed="0" covered="3" />
            <counter type="COMPLEXITY" missed="0" covered="1" />
            <counter type="METHOD" missed="0" covered="1" />
          </method>
          <method name="testFilterCallWithNull" desc="()V" line="40">
            <counter type="INSTRUCTION" missed="6" covered="0" />
            <counter type="LINE" missed="2" covered="0" />
            <counter type="COMPLEXITY" missed="1" covered="0" />
            <counter type="METHOD" missed="1" covered="0" />
          </method>
          <method name="testFilterCallWithNonEmptyFilter" desc="()V" line="45">
            <counter type="INSTRUCTION" missed="0" covered="27" />
            <counter type="LINE" missed="0" covered="5" />
            <counter type="COMPLEXITY" missed="0" covered="1" />
            <counter type="METHOD" missed="0" covered="1" />
          </method>
          <method name="testFilterCallWithEmptyFilter" desc="()V" line="61">
            <counter type="INSTRUCTION" missed="0" covered="24" />
            <counter type="LINE" missed="0" covered="5" />
            <counter type="COMPLEXITY" missed="0" covered="1" />
            <counter type="METHOD" missed="0" covered="1" />
          </method>
          <method name="testFilterCallWithEmptyStream" desc="()V" line="74">
            <counter type="INSTRUCTION" missed="0" covered="15" />
            <counter type="LINE" missed="0" covered="3" />
            <counter type="COMPLEXITY" missed="0" covered="1" />
            <counter type="METHOD" missed="0" covered="1" />
          </method>
          <method name="testMapCallWithNull" desc="()V" line="85">
            <counter type="INSTRUCTION" missed="6" covered="0" />
            <counter type="LINE" missed="2" covered="0" />
            <counter type="COMPLEXITY" missed="1" covered="0" />
            <counter type="METHOD" missed="1" covered="0" />
          </method>
          <method name="testMapCallWithNonEmptyStream" desc="()V" line="90">
            <counter type="INSTRUCTION" missed="0" covered="45" />
            <counter type="LINE" missed="0" covered="6" />
            <counter type="COMPLEXITY" missed="0" covered="1" />
            <counter type="METHOD" missed="0" covered="1" />
          </method>
          <method name="testMapCallWithEmptyStream" desc="()V" line="109">
            <counter type="INSTRUCTION" missed="0" covered="15" />
            <counter type="LINE" missed="0" covered="3" />
            <counter type="COMPLEXITY" missed="0" covered="1" />
            <counter type="METHOD" missed="0" covered="1" />
          </method>
          <method name="testFlatMapCallWithNull" desc="()V" line="125">
            <counter type="INSTRUCTION" missed="6" covered="0" />
            <counter type="LINE" missed="2" covered="0" />
            <counter type="COMPLEXITY" missed="1" covered="0" />
            <counter type="METHOD" missed="1" covered="0" />
          </method>
          <method name="testFlatMapCallWithNonEmptyStream" desc="()V" line="130">
            <counter type="INSTRUCTION" missed="0" covered="60" />
            <counter type="LINE" missed="0" covered="6" />
            <counter type="COMPLEXITY" missed="0" covered="1" />
            <counter type="METHOD" missed="0" covered="1" />
          </method>
          <method name="testFlatMapCallWithEmptyStream" desc="()V" line="149">
            <counter type="INSTRUCTION" missed="0" covered="15" />
            <counter type="LINE" missed="0" covered="3" />
            <counter type="COMPLEXITY" missed="0" covered="1" />
            <counter type="METHOD" missed="0" covered="1" />
          </method>
          <method name="testAccumulateCallWithNull" desc="()V" line="165">
            <counter type="INSTRUCTION" missed="6" covered="0" />
            <counter type="LINE" missed="2" covered="0" />
            <counter type="COMPLEXITY" missed="1" covered="0" />
            <counter type="METHOD" missed="1" covered="0" />
          </method>
          <method name="testAccumulateCallWithNonEmptyStream" desc="()V" line="170">
            <counter type="INSTRUCTION" missed="0" covered="50" />
            <counter type="LINE" missed="0" covered="6" />
            <counter type="COMPLEXITY" missed="0" covered="1" />
            <counter type="METHOD" missed="0" covered="1" />
          </method>
          <method name="testAccumulateCallWithEmptyStream" desc="()V" line="192">
            <counter type="INSTRUCTION" missed="0" covered="15" />
            <counter type="LINE" missed="0" covered="3" />
            <counter type="COMPLEXITY" missed="0" covered="1" />
            <counter type="METHOD" missed="0" covered="1" />
          </method>
          <method name="complexTestOnNonEmptyStream" desc="()V" line="208">
            <counter type="INSTRUCTION" missed="0" covered="38" />
            <counter type="LINE" missed="0" covered="9" />
            <counter type="COMPLEXITY" missed="0" covered="1" />
            <counter type="METHOD" missed="0" covered="1" />
          </method>
          <method name="complexTestOnNonEmptyParallelStream" desc="()V" line="249">
            <counter type="INSTRUCTION" missed="0" covered="43" />
            <counter type="LINE" missed="0" covered="10" />
            <counter type="COMPLEXITY" missed="0" covered="1" />
            <counter type="METHOD" missed="0" covered="1" />
          </method>
          <counter type="INSTRUCTION" missed="24" covered="376" />
          <counter type="LINE" missed="8" covered="63" />
          <counter type="COMPLEXITY" missed="4" covered="13" />
          <counter type="METHOD" missed="4" covered="13" />
          <counter type="CLASS" missed="0" covered="1" />
        </class>
        <class name="fansek/streamport/impl/AbstractStreamTest$18">
          <method name="&lt;init&gt;" desc="(Lfansek/streamport/impl/AbstractStreamTest;)V" line="1">
            <counter type="INSTRUCTION" missed="0" covered="6" />
            <counter type="LINE" missed="0" covered="2" />
            <counter type="COMPLEXITY" missed="0" covered="1" />
            <counter type="METHOD" missed="0" covered="1" />
          </method>
          <method name="accept" desc="(Ljava/lang/Integer;Lfansek/streamport/Consumer;)V" line="233">
            <counter type="INSTRUCTION" missed="0" covered="8" />
            <counter type="BRANCH" missed="0" covered="2" />
            <counter type="LINE" missed="0" covered="3" />
            <counter type="COMPLEXITY" missed="0" covered="2" />
            <counter type="METHOD" missed="0" covered="1" />
          </method>
          <counter type="INSTRUCTION" missed="0" covered="14" />
          <counter type="BRANCH" missed="0" covered="2" />
          <counter type="LINE" missed="0" covered="5" />
          <counter type="COMPLEXITY" missed="0" covered="3" />
          <counter type="METHOD" missed="0" covered="2" />
          <counter type="CLASS" missed="0" covered="1" />
        </class>
        <class name="fansek/streamport/impl/AbstractStreamTest$2">
          <method name="&lt;init&gt;" desc="(Lfansek/streamport/impl/AbstractStreamTest;Ljava/util/LinkedList;)V" line="1">
            <counter type="INSTRUCTION" missed="0" covered="9" />
            <counter type="LINE" missed="0" covered="2" />
            <counter type="COMPLEXITY" missed="0" covered="1" />
            <counter type="METHOD" missed="0" covered="1" />
          </method>
          <method name="accept" desc="(Ljava/lang/Object;)V" line="66">
            <counter type="INSTRUCTION" missed="0" covered="6" />
            <counter type="LINE" missed="0" covered="2" />
            <counter type="COMPLEXITY" missed="0" covered="1" />
            <counter type="METHOD" missed="0" covered="1" />
          </method>
          <counter type="INSTRUCTION" missed="0" covered="15" />
          <counter type="LINE" missed="0" covered="4" />
          <counter type="COMPLEXITY" missed="0" covered="2" />
          <counter type="METHOD" missed="0" covered="2" />
          <counter type="CLASS" missed="0" covered="1" />
        </class>
        <class name="fansek/streamport/impl/AbstractStreamTest$8">
          <method name="&lt;init&gt;" desc="(Lfansek/streamport/impl/AbstractStreamTest;)V" line="1">
            <counter type="INSTRUCTION" missed="0" covered="6" />
            <counter type="LINE" missed="0" covered="2" />
            <counter type="COMPLEXITY" missed="0" covered="1" />
            <counter type="METHOD" missed="0" covered="1" />
          </method>
          <method name="apply" desc="(Ljava/lang/Object;)Lfansek/streamport/Traversable;" line="133">
            <counter type="INSTRUCTION" missed="0" covered="14" />
            <counter type="LINE" missed="0" covered="1" />
            <counter type="COMPLEXITY" missed="0" covered="1" />
            <counter type="METHOD" missed="0" covered="1" />
          </method>
          <counter type="INSTRUCTION" missed="0" covered="20" />
          <counter type="LINE" missed="0" covered="3" />
          <counter type="COMPLEXITY" missed="0" covered="2" />
          <counter type="METHOD" missed="0" covered="2" />
          <counter type="CLASS" missed="0" covered="1" />
        </class>
        <class name="fansek/streamport/impl/AbstractStreamTest$24">
          <method name="&lt;init&gt;" desc="(Lfansek/streamport/impl/AbstractStreamTest;Ljava/lang/StringBuffer;)V" line="1">
            <counter type="INSTRUCTION" missed="0" covered="9" />
            <counter type="LINE" missed="0" covered="2" />
            <counter type="COMPLEXITY" missed="0" covered="1" />
            <counter type="METHOD" missed="0" covered="1" />
          </method>
          <method name="accept" desc="(Ljava/lang/String;)V" line="317">
            <counter type="INSTRUCTION" missed="0" covered="6" />
            <counter type="LINE" missed="0" covered="2" />
            <counter type="COMPLEXITY" missed="0" covered="1" />
            <counter type="METHOD" missed="0" covered="1" />
          </method>
          <counter type="INSTRUCTION" missed="0" covered="15" />
          <counter type="LINE" missed="0" covered="4" />
          <counter type="COMPLEXITY" missed="0" covered="2" />
          <counter type="METHOD" missed="0" covered="2" />
          <counter type="CLASS" missed="0" covered="1" />
        </class>
        <class name="fansek/streamport/impl/TraversablesTest$7">
          <method name="&lt;init&gt;" desc="(Lfansek/streamport/impl/TraversablesTest;)V" line="1">
            <counter type="INSTRUCTION" missed="0" covered="6" />
            <counter type="LINE" missed="0" covered="2" />
            <counter type="COMPLEXITY" missed="0" covered="1" />
            <counter type="METHOD" missed="0" covered="1" />
          </method>
          <method name="forEach" desc="(Lfansek/streamport/Consumer;)V" line="121">
            <counter type="INSTRUCTION" missed="0" covered="1" />
            <counter type="LINE" missed="0" covered="1" />
            <counter type="COMPLEXITY" missed="0" covered="1" />
            <counter type="METHOD" missed="0" covered="1" />
          </method>
          <counter type="INSTRUCTION" missed="0" covered="7" />
          <counter type="LINE" missed="0" covered="3" />
          <counter type="COMPLEXITY" missed="0" covered="2" />
          <counter type="METHOD" missed="0" covered="2" />
          <counter type="CLASS" missed="0" covered="1" />
        </class>
        <class name="fansek/streamport/impl/TraversablesTest$6">
          <method name="&lt;init&gt;" desc="(Lfansek/streamport/impl/TraversablesTest;Ljava/util/LinkedList;)V" line="1">
            <counter type="INSTRUCTION" missed="0" covered="9" />
            <counter type="LINE" missed="0" covered="2" />
            <counter type="COMPLEXITY" missed="0" covered="1" />
            <counter type="METHOD" missed="0" covered="1" />
          </method>
          <method name="accept" desc="(Ljava/lang/Object;)V" line="110">
            <counter type="INSTRUCTION" missed="0" covered="6" />
            <counter type="LINE" missed="0" covered="2" />
            <counter type="COMPLEXITY" missed="0" covered="1" />
            <counter type="METHOD" missed="0" covered="1" />
          </method>
          <counter type="INSTRUCTION" missed="0" covered="15" />
          <counter type="LINE" missed="0" covered="4" />
          <counter type="COMPLEXITY" missed="0" covered="2" />
          <counter type="METHOD" missed="0" covered="2" />
          <counter type="CLASS" missed="0" covered="1" />
        </class>
        <class name="fansek/streamport/impl/AbstractStreamTest$19">
          <method name="&lt;init&gt;" desc="(Lfansek/streamport/impl/AbstractStreamTest;Ljava/lang/StringBuilder;)V" line="1">
            <counter type="INSTRUCTION" missed="0" covered="9" />
            <counter type="LINE" missed="0" covered="2" />
            <counter type="COMPLEXITY" missed="0" covered="1" />
            <counter type="METHOD" missed="0" covered="1" />
          </method>
          <method name="accept" desc="(Ljava/lang/String;)V" line="241">
            <counter type="INSTRUCTION" missed="0" covered="6" />
            <counter type="LINE" missed="0" covered="2" />
            <counter type="COMPLEXITY" missed="0" covered="1" />
            <counter type="METHOD" missed="0" covered="1" />
          </method>
          <counter type="INSTRUCTION" missed="0" covered="15" />
          <counter type="LINE" missed="0" covered="4" />
          <counter type="COMPLEXITY" missed="0" covered="2" />
          <counter type="METHOD" missed="0" covered="2" />
          <counter type="CLASS" missed="0" covered="1" />
        </class>
        <class name="fansek/streamport/impl/AbstractStreamTest$15">
          <method name="&lt;init&gt;" desc="(Lfansek/streamport/impl/AbstractStreamTest;)V" line="1">
            <counter type="INSTRUCTION" missed="0" covered="6" />
            <counter type="LINE" missed="0" covered="2" />
            <counter type="COMPLEXITY" missed="0" covered="1" />
            <counter type="METHOD" missed="0" covered="1" />
          </method>
          <method name="accept" desc="(Ljava/lang/Object;)V" line="201">
            <counter type="INSTRUCTION" missed="3" covered="0" />
            <counter type="LINE" missed="2" covered="0" />
            <counter type="COMPLEXITY" missed="1" covered="0" />
            <counter type="METHOD" missed="1" covered="0" />
          </method>
          <counter type="INSTRUCTION" missed="3" covered="6" />
          <counter type="LINE" missed="2" covered="2" />
          <counter type="COMPLEXITY" missed="1" covered="1" />
          <counter type="METHOD" missed="1" covered="1" />
          <counter type="CLASS" missed="0" covered="1" />
        </class>
        <class name="fansek/streamport/impl/AbstractStreamTest$21">
          <method name="&lt;init&gt;" desc="(Lfansek/streamport/impl/AbstractStreamTest;)V" line="1">
            <counter type="INSTRUCTION" missed="0" covered="6" />
            <counter type="LINE" missed="0" covered="2" />
            <counter type="COMPLEXITY" missed="0" covered="1" />
            <counter type="METHOD" missed="0" covered="1" />
          </method>
          <method name="apply" desc="(Ljava/lang/Integer;)Lfansek/streamport/Traversable;" line="290">
            <counter type="INSTRUCTION" missed="0" covered="6" />
            <counter type="LINE" missed="0" covered="1" />
            <counter type="COMPLEXITY" missed="0" covered="1" />
            <counter type="METHOD" missed="0" covered="1" />
          </method>
          <counter type="INSTRUCTION" missed="0" covered="12" />
          <counter type="LINE" missed="0" covered="3" />
          <counter type="COMPLEXITY" missed="0" covered="2" />
          <counter type="METHOD" missed="0" covered="2" />
          <counter type="CLASS" missed="0" covered="1" />
        </class>
        <class name="fansek/streamport/impl/TraversablesTest$9">
          <method name="&lt;init&gt;" desc="(Lfansek/streamport/impl/TraversablesTest;Ljava/util/LinkedList;)V" line="1">
            <counter type="INSTRUCTION" missed="0" covered="9" />
            <counter type="LINE" missed="0" covered="2" />
            <counter type="COMPLEXITY" missed="0" covered="1" />
            <counter type="METHOD" missed="0" covered="1" />
          </method>
          <method name="accept" desc="(Ljava/lang/Object;)V" line="150">
            <counter type="INSTRUCTION" missed="0" covered="6" />
            <counter type="LINE" missed="0" covered="2" />
            <counter type="COMPLEXITY" missed="0" covered="1" />
            <counter type="METHOD" missed="0" covered="1" />
          </method>
          <counter type="INSTRUCTION" missed="0" covered="15" />
          <counter type="LINE" missed="0" covered="4" />
          <counter type="COMPLEXITY" missed="0" covered="2" />
          <counter type="METHOD" missed="0" covered="2" />
          <counter type="CLASS" missed="0" covered="1" />
        </class>
        <class name="fansek/streamport/impl/AbstractStreamTest$12">
          <method name="&lt;init&gt;" desc="(Lfansek/streamport/impl/AbstractStreamTest;)V" line="1">
            <counter type="INSTRUCTION" missed="0" covered="6" />
            <counter type="LINE" missed="0" covered="2" />
            <counter type="COMPLEXITY" missed="0" covered="1" />
            <counter type="METHOD" missed="0" covered="1" />
          </method>
          <method name="accept" desc="(Ljava/lang/Object;Lfansek/streamport/Consumer;)V" line="173">
            <counter type="INSTRUCTION" missed="0" covered="14" />
            <counter type="BRANCH" missed="0" covered="2" />
            <counter type="LINE" missed="0" covered="4" />
            <counter type="COMPLEXITY" missed="0" covered="2" />
            <counter type="METHOD" missed="0" covered="1" />
          </method>
          <counter type="INSTRUCTION" missed="0" covered="20" />
          <counter type="BRANCH" missed="0" covered="2" />
          <counter type="LINE" missed="0" covered="6" />
          <counter type="COMPLEXITY" missed="0" covered="3" />
          <counter type="METHOD" missed="0" covered="2" />
          <counter type="CLASS" missed="0" covered="1" />
        </class>
        <class name="fansek/streamport/impl/StreamPerformanceTest$4">
          <method name="&lt;init&gt;" desc="(Ljava/util/LinkedList;Ljava/util/LinkedList;)V" line="1">
            <counter type="INSTRUCTION" missed="9" covered="0" />
            <counter type="LINE" missed="2" covered="0" />
            <counter type="COMPLEXITY" missed="1" covered="0" />
            <counter type="METHOD" missed="1" covered="0" />
          </method>
          <method name="execute" desc="()V" line="61">
            <counter type="INSTRUCTION" missed="45" covered="0" />
            <counter type="BRANCH" missed="6" covered="0" />
            <counter type="LINE" missed="6" covered="0" />
            <counter type="COMPLEXITY" missed="4" covered="0" />
            <counter type="METHOD" missed="1" covered="0" />
          </method>
          <counter type="INSTRUCTION" missed="54" covered="0" />
          <counter type="BRANCH" missed="6" covered="0" />
          <counter type="LINE" missed="8" covered="0" />
          <counter type="COMPLEXITY" missed="5" covered="0" />
          <counter type="METHOD" missed="2" covered="0" />
          <counter type="CLASS" missed="1" covered="0" />
        </class>
        <class name="fansek/streamport/impl/StreamPerformanceTest$1">
          <method name="&lt;init&gt;" desc="()V" line="1">
            <counter type="INSTRUCTION" missed="3" covered="0" />
            <counter type="LINE" missed="2" covered="0" />
            <counter type="COMPLEXITY" missed="1" covered="0" />
            <counter type="METHOD" missed="1" covered="0" />
          </method>
          <method name="test" desc="(Ljava/lang/Integer;)Z" line="20">
            <counter type="INSTRUCTION" missed="8" covered="0" />
            <counter type="BRANCH" missed="2" covered="0" />
            <counter type="LINE" missed="1" covered="0" />
            <counter type="COMPLEXITY" missed="2" covered="0" />
            <counter type="METHOD" missed="1" covered="0" />
          </method>
          <counter type="INSTRUCTION" missed="11" covered="0" />
          <counter type="BRANCH" missed="2" covered="0" />
          <counter type="LINE" missed="3" covered="0" />
          <counter type="COMPLEXITY" missed="3" covered="0" />
          <counter type="METHOD" missed="2" covered="0" />
          <counter type="CLASS" missed="1" covered="0" />
        </class>
        <class name="fansek/streamport/impl/StreamPerformanceTest$2">
          <method name="&lt;init&gt;" desc="()V" line="1">
            <counter type="INSTRUCTION" missed="3" covered="0" />
            <counter type="LINE" missed="2" covered="0" />
            <counter type="COMPLEXITY" missed="1" covered="0" />
            <counter type="METHOD" missed="1" covered="0" />
          </method>
          <method name="apply" desc="(Ljava/lang/Integer;)Ljava/lang/String;" line="28">
            <counter type="INSTRUCTION" missed="12" covered="0" />
            <counter type="LINE" missed="1" covered="0" />
            <counter type="COMPLEXITY" missed="1" covered="0" />
            <counter type="METHOD" missed="1" covered="0" />
          </method>
          <counter type="INSTRUCTION" missed="15" covered="0" />
          <counter type="LINE" missed="3" covered="0" />
          <counter type="COMPLEXITY" missed="2" covered="0" />
          <counter type="METHOD" missed="2" covered="0" />
          <counter type="CLASS" missed="1" covered="0" />
        </class>
        <class name="fansek/streamport/impl/TraversablesTest$8">
          <method name="&lt;init&gt;" desc="(Lfansek/streamport/impl/TraversablesTest;)V" line="1">
            <counter type="INSTRUCTION" missed="0" covered="6" />
            <counter type="LINE" missed="0" covered="2" />
            <counter type="COMPLEXITY" missed="0" covered="1" />
            <counter type="METHOD" missed="0" covered="1" />
          </method>
          <method name="accept" desc="(Ljava/lang/Object;)V" line="127">
            <counter type="INSTRUCTION" missed="3" covered="0" />
            <counter type="LINE" missed="2" covered="0" />
            <counter type="COMPLEXITY" missed="1" covered="0" />
            <counter type="METHOD" missed="1" covered="0" />
          </method>
          <counter type="INSTRUCTION" missed="3" covered="6" />
          <counter type="LINE" missed="2" covered="2" />
          <counter type="COMPLEXITY" missed="1" covered="1" />
          <counter type="METHOD" missed="1" covered="1" />
          <counter type="CLASS" missed="0" covered="1" />
        </class>
        <class name="fansek/streamport/impl/TraversablesTest$5">
          <method name="&lt;init&gt;" desc="(Lfansek/streamport/impl/TraversablesTest;Ljava/util/LinkedList;)V" line="1">
            <counter type="INSTRUCTION" missed="0" covered="9" />
            <counter type="LINE" missed="0" covered="2" />
            <counter type="COMPLEXITY" missed="0" covered="1" />
            <counter type="METHOD" missed="0" covered="1" />
          </method>
          <method name="forEach" desc="(Lfansek/streamport/Consumer;)V" line="101">
            <counter type="INSTRUCTION" missed="0" covered="15" />
            <counter type="BRANCH" missed="0" covered="2" />
            <counter type="LINE" missed="0" covered="3" />
            <counter type="COMPLEXITY" missed="0" covered="2" />
            <counter type="METHOD" missed="0" covered="1" />
          </method>
          <counter type="INSTRUCTION" missed="0" covered="24" />
          <counter type="BRANCH" missed="0" covered="2" />
          <counter type="LINE" missed="0" covered="5" />
          <counter type="COMPLEXITY" missed="0" covered="3" />
          <counter type="METHOD" missed="0" covered="2" />
          <counter type="CLASS" missed="0" covered="1" />
        </class>
        <class name="fansek/streamport/impl/StreamPerformanceTest$3">
          <method name="&lt;init&gt;" desc="()V" line="1">
            <counter type="INSTRUCTION" missed="3" covered="0" />
            <counter type="LINE" missed="2" covered="0" />
            <counter type="COMPLEXITY" missed="1" covered="0" />
            <counter type="METHOD" missed="1" covered="0" />
          </method>
          <method name="apply" desc="(Ljava/lang/String;)Lfansek/streamport/Traversable;" line="36">
            <counter type="INSTRUCTION" missed="6" covered="0" />
            <counter type="LINE" missed="1" covered="0" />
            <counter type="COMPLEXITY" missed="1" covered="0" />
            <counter type="METHOD" missed="1" covered="0" />
          </method>
          <counter type="INSTRUCTION" missed="9" covered="0" />
          <counter type="LINE" missed="3" covered="0" />
          <counter type="COMPLEXITY" missed="2" covered="0" />
          <counter type="METHOD" missed="2" covered="0" />
[...]
            <counter type="COMPLEXITY" missed="1" covered="0" />
            <counter type="METHOD" missed="1" covered="0" />
          </method>
          <method name="execute" desc="()V" line="79">
            <counter type="INSTRUCTION" missed="16" covered="0" />
            <counter type="LINE" missed="6" covered="0" />
            <counter type="COMPLEXITY" missed="1" covered="0" />
            <counter type="METHOD" missed="1" covered="0" />
          </method>
          <counter type="INSTRUCTION" missed="25" covered="0" />
          <counter type="LINE" missed="8" covered="0" />
          <counter type="COMPLEXITY" missed="2" covered="0" />
          <counter type="METHOD" missed="2" covered="0" />
          <counter type="CLASS" missed="1" covered="0" />
        </class>
        <class name="fansek/streamport/impl/AbstractStreamTest$23">
          <method name="&lt;init&gt;" desc="(Lfansek/streamport/impl/AbstractStreamTest;)V" line="1">
            <counter type="INSTRUCTION" missed="0" covered="6" />
            <counter type="LINE" missed="0" covered="2" />
            <counter type="COMPLEXITY" missed="0" covered="1" />
            <counter type="METHOD" missed="0" covered="1" />
          </method>
          <method name="accept" desc="(Ljava/lang/Integer;Lfansek/streamport/Consumer;)V" line="309">
            <counter type="INSTRUCTION" missed="0" covered="8" />
            <counter type="BRANCH" missed="1" covered="1" />
            <counter type="LINE" missed="0" covered="3" />
            <counter type="COMPLEXITY" missed="1" covered="1" />
            <counter type="METHOD" missed="0" covered="1" />
          </method>
          <counter type="INSTRUCTION" missed="0" covered="14" />
          <counter type="BRANCH" missed="1" covered="1" />
          <counter type="LINE" missed="0" covered="5" />
          <counter type="COMPLEXITY" missed="1" covered="2" />
          <counter type="METHOD" missed="0" covered="2" />
          <counter type="CLASS" missed="0" covered="1" />
        </class>
        <sourcefile name="TraversablesTest.java">
          <line nr="1" mi="0" ci="42" mb="0" cb="0" />
          <line nr="17" mi="0" ci="3" mb="0" cb="0" />
          <line nr="21" mi="3" ci="0" mb="0" cb="0" />
          <line nr="22" mi="1" ci="0" mb="0" cb="0" />
          <line nr="26" mi="0" ci="4" mb="0" cb="0" />
          <line nr="27" mi="0" ci="5" mb="0" cb="0" />
          <line nr="28" mi="0" ci="5" mb="0" cb="0" />
          <line nr="29" mi="0" ci="5" mb="0" cb="0" />
          <line nr="31" mi="0" ci="2" mb="0" cb="0" />
          <line nr="32" mi="0" ci="9" mb="0" cb="0" />
          <line nr="35" mi="0" ci="5" mb="0" cb="0" />
          <line nr="36" mi="0" ci="1" mb="0" cb="0" />
          <line nr="38" mi="0" ci="7" mb="0" cb="0" />
          <line nr="39" mi="0" ci="1" mb="0" cb="0" />
          <line nr="43" mi="0" ci="4" mb="0" cb="0" />
          <line nr="44" mi="0" ci="8" mb="0" cb="0" />
          <line nr="47" mi="2" ci="0" mb="0" cb="0" />
          <line nr="48" mi="1" ci="0" mb="0" cb="0" />
          <line nr="50" mi="0" ci="1" mb="0" cb="0" />
          <line nr="54" mi="3" ci="0" mb="0" cb="0" />
          <line nr="55" mi="1" ci="0" mb="0" cb="0" />
          <line nr="59" mi="0" ci="9" mb="0" cb="0" />
          <line nr="62" mi="0" ci="4" mb="0" cb="0" />
          <line nr="63" mi="0" ci="4" mb="0" cb="0" />
          <line nr="64" mi="0" ci="1" mb="0" cb="0" />
          <line nr="66" mi="0" ci="3" mb="0" cb="0" />
          <line nr="67" mi="0" ci="3" mb="0" cb="0" />
          <line nr="68" mi="0" ci="6" mb="0" cb="0" />
          <line nr="69" mi="0" ci="3" mb="0" cb="0" />
          <line nr="70" mi="0" ci="6" mb="0" cb="0" />
          <line nr="71" mi="0" ci="3" mb="0" cb="0" />
          <line nr="72" mi="0" ci="1" mb="0" cb="0" />
          <line nr="76" mi="6" ci="3" mb="0" cb="0" />
          <line nr="79" mi="0" ci="1" mb="0" cb="0" />
          <line nr="81" mi="3" ci="0" mb="0" cb="0" />
          <line nr="82" mi="3" ci="0" mb="0" cb="0" />
          <line nr="83" mi="1" ci="0" mb="0" cb="0" />
          <line nr="87" mi="2" ci="0" mb="0" cb="0" />
          <line nr="88" mi="3" ci="0" mb="0" cb="0" />
          <line nr="89" mi="1" ci="0" mb="0" cb="0" />
          <line nr="93" mi="0" ci="4" mb="0" cb="0" />
          <line nr="94" mi="0" ci="5" mb="0" cb="0" />
          <line nr="95" mi="0" ci="5" mb="0" cb="0" />
          <line nr="96" mi="0" ci="5" mb="0" cb="0" />
          <line nr="98" mi="0" ci="10" mb="0" cb="0" />
          <line nr="101" mi="0" ci="11" mb="0" cb="2" />
          <line nr="102" mi="0" ci="3" mb="0" cb="0" />
          <line nr="104" mi="0" ci="1" mb="0" cb="0" />
          <line nr="107" mi="0" ci="10" mb="0" cb="0" />
          <line nr="110" mi="0" ci="5" mb="0" cb="0" />
          <line nr="111" mi="0" ci="1" mb="0" cb="0" />
          <line nr="113" mi="0" ci="7" mb="0" cb="0" />
          <line nr="114" mi="0" ci="1" mb="0" cb="0" />
          <line nr="118" mi="0" ci="9" mb="0" cb="0" />
          <line nr="121" mi="0" ci="1" mb="0" cb="0" />
          <line nr="124" mi="0" ci="9" mb="0" cb="0" />
          <line nr="127" mi="2" ci="0" mb="0" cb="0" />
          <line nr="128" mi="1" ci="0" mb="0" cb="0" />
          <line nr="130" mi="0" ci="1" mb="0" cb="0" />
          <line nr="134" mi="2" ci="0" mb="0" cb="0" />
          <line nr="135" mi="3" ci="0" mb="0" cb="0" />
          <line nr="136" mi="1" ci="0" mb="0" cb="0" />
          <line nr="140" mi="0" ci="4" mb="0" cb="0" />
          <line nr="141" mi="0" ci="5" mb="0" cb="0" />
          <line nr="142" mi="0" ci="5" mb="0" cb="0" />
          <line nr="143" mi="0" ci="5" mb="0" cb="0" />
          <line nr="145" mi="0" ci="3" mb="0" cb="0" />
          <line nr="147" mi="0" ci="10" mb="0" cb="0" />
          <line nr="150" mi="0" ci="5" mb="0" cb="0" />
          <line nr="151" mi="0" ci="1" mb="0" cb="0" />
          <line nr="153" mi="0" ci="7" mb="0" cb="0" />
          <line nr="154" mi="0" ci="1" mb="0" cb="0" />
          <line nr="158" mi="0" ci="5" mb="0" cb="0" />
          <line nr="159" mi="0" ci="9" mb="0" cb="0" />
          <line nr="162" mi="2" ci="0" mb="0" cb="0" />
          <line nr="163" mi="1" ci="0" mb="0" cb="0" />
          <line nr="165" mi="0" ci="1" mb="0" cb="0" />
          <counter type="INSTRUCTION" missed="42" covered="298" />
          <counter type="BRANCH" missed="0" covered="2" />
          <counter type="LINE" missed="19" covered="58" />
          <counter type="COMPLEXITY" missed="8" covered="26" />
          <counter type="METHOD" missed="8" covered="25" />
          <counter type="CLASS" missed="0" covered="11" />
        </sourcefile>
        <sourcefile name="AbstractStreamTest.java">
          <line nr="1" mi="0" ci="123" mb="0" cb="0" />
          <line nr="28" mi="0" ci="3" mb="0" cb="0" />
          <line nr="34" mi="0" ci="20" mb="0" cb="0" />
          <line nr="35" mi="0" ci="5" mb="0" cb="0" />
          <line nr="36" mi="0" ci="1" mb="0" cb="0" />
          <line nr="40" mi="5" ci="0" mb="0" cb="0" />
          <line nr="41" mi="1" ci="0" mb="0" cb="0" />
          <line nr="45" mi="0" ci="8" mb="0" cb="0" />
          <line nr="46" mi="0" ci="4" mb="0" cb="0" />
          <line nr="47" mi="0" ci="10" mb="0" cb="0" />
          <line nr="50" mi="0" ci="7" mb="1" cb="1" />
          <line nr="51" mi="2" ci="0" mb="0" cb="0" />
          <line nr="53" mi="0" ci="5" mb="0" cb="0" />
          <line nr="54" mi="0" ci="1" mb="0" cb="0" />
          <line nr="56" mi="0" ci="7" mb="0" cb="0" />
          <line nr="57" mi="0" ci="1" mb="0" cb="0" />
          <line nr="61" mi="0" ci="5" mb="0" cb="0" />
          <line nr="62" mi="0" ci="4" mb="0" cb="0" />
          <line nr="63" mi="0" ci="10" mb="0" cb="0" />
          <line nr="66" mi="0" ci="5" mb="0" cb="0" />
          <line nr="67" mi="0" ci="1" mb="0" cb="0" />
          <line nr="69" mi="0" ci="7" mb="0" cb="0" />
          <line nr="70" mi="0" ci="1" mb="0" cb="0" />
          <line nr="74" mi="0" ci="8" mb="0" cb="0" />
          <line nr="75" mi="0" ci="9" mb="0" cb="0" />
          <line nr="78" mi="2" ci="0" mb="0" cb="0" />
          <line nr="79" mi="1" ci="0" mb="0" cb="0" />
          <line nr="81" mi="0" ci="1" mb="0" cb="0" />
          <line nr="85" mi="5" ci="0" mb="0" cb="0" />
          <line nr="86" mi="1" ci="0" mb="0" cb="0" />
          <line nr="90" mi="0" ci="11" mb="0" cb="0" />
          <line nr="93" mi="0" ci="7" mb="0" cb="0" />
          <line nr="96" mi="0" ci="1" mb="0" cb="0" />
          <line nr="97" mi="0" ci="21" mb="0" cb="0" />
          <line nr="98" mi="0" ci="10" mb="0" cb="0" />
          <line nr="101" mi="0" ci="5" mb="0" cb="0" />
          <line nr="102" mi="0" ci="1" mb="0" cb="0" />
          <line nr="104" mi="0" ci="7" mb="0" cb="0" />
          <line nr="105" mi="0" ci="1" mb="0" cb="0" />
          <line nr="109" mi="0" ci="11" mb="0" cb="0" />
          <line nr="112" mi="2" ci="0" mb="0" cb="0" />
          <line nr="115" mi="0" ci="9" mb="0" cb="0" />
          <line nr="118" mi="2" ci="0" mb="0" cb="0" />
          <line nr="119" mi="1" ci="0" mb="0" cb="0" />
          <line nr="121" mi="0" ci="1" mb="0" cb="0" />
          <line nr="125" mi="5" ci="0" mb="0" cb="0" />
          <line nr="126" mi="1" ci="0" mb="0" cb="0" />
          <line nr="130" mi="0" ci="11" mb="0" cb="0" />
          <line nr="133" mi="0" ci="14" mb="0" cb="0" />
          <line nr="136" mi="0" ci="1" mb="0" cb="0" />
          <line nr="137" mi="0" ci="36" mb="0" cb="0" />
          <line nr="138" mi="0" ci="10" mb="0" cb="0" />
          <line nr="141" mi="0" ci="5" mb="0" cb="0" />
          <line nr="142" mi="0" ci="1" mb="0" cb="0" />
          <line nr="144" mi="0" ci="7" mb="0" cb="0" />
          <line nr="145" mi="0" ci="1" mb="0" cb="0" />
          <line nr="149" mi="0" ci="11" mb="0" cb="0" />
          <line nr="152" mi="7" ci="0" mb="0" cb="0" />
          <line nr="155" mi="0" ci="9" mb="0" cb="0" />
          <line nr="158" mi="2" ci="0" mb="0" cb="0" />
          <line nr="159" mi="1" ci="0" mb="0" cb="0" />
          <line nr="161" mi="0" ci="1" mb="0" cb="0" />
          <line nr="165" mi="5" ci="0" mb="0" cb="0" />
          <line nr="166" mi="1" ci="0" mb="0" cb="0" />
          <line nr="170" mi="0" ci="11" mb="0" cb="0" />
          <line nr="173" mi="0" ci="5" mb="0" cb="2" />
          <line nr="174" mi="0" ci="4" mb="0" cb="0" />
          <line nr="175" mi="0" ci="4" mb="0" cb="0" />
          <line nr="177" mi="0" ci="1" mb="0" cb="0" />
          <line nr="179" mi="0" ci="1" mb="0" cb="0" />
          <line nr="180" mi="0" ci="26" mb="0" cb="0" />
          <line nr="181" mi="0" ci="10" mb="0" cb="0" />
          <line nr="184" mi="0" ci="5" mb="0" cb="0" />
          <line nr="185" mi="0" ci="1" mb="0" cb="0" />
          <line nr="187" mi="0" ci="7" mb="0" cb="0" />
          <line nr="188" mi="0" ci="1" mb="0" cb="0" />
          <line nr="192" mi="0" ci="11" mb="0" cb="0" />
          <line nr="195" mi="4" ci="0" mb="0" cb="0" />
          <line nr="196" mi="1" ci="0" mb="0" cb="0" />
          <line nr="198" mi="0" ci="9" mb="0" cb="0" />
          <line nr="201" mi="2" ci="0" mb="0" cb="0" />
          <line nr="202" mi="1" ci="0" mb="0" cb="0" />
          <line nr="204" mi="0" ci="1" mb="0" cb="0" />
          <line nr="208" mi="0" ci="4" mb="0" cb="0" />
          <line nr="209" mi="0" ci="2" mb="0" cb="0" />
          <line nr="210" mi="0" ci="5" mb="0" cb="0" />
          <line nr="211" mi="0" ci="8" mb="0" cb="0" />
          <line nr="214" mi="0" ci="9" mb="0" cb="0" />
          <line nr="217" mi="0" ci="4" mb="0" cb="0" />
          <line nr="218" mi="0" ci="4" mb="0" cb="0" />
          <line nr="219" mi="0" ci="4" mb="0" cb="0" />
          <line nr="220" mi="0" ci="1" mb="0" cb="0" />
          <line nr="224" mi="0" ci="8" mb="0" cb="0" />
          <line nr="227" mi="0" ci="2" mb="0" cb="0" />
          <line nr="230" mi="0" ci="8" mb="0" cb="0" />
          <line nr="233" mi="0" ci="4" mb="0" cb="2" />
          <line nr="234" mi="0" ci="3" mb="0" cb="0" />
          <line nr="236" mi="0" ci="1" mb="0" cb="0" />
          <line nr="238" mi="0" ci="9" mb="0" cb="0" />
          <line nr="241" mi="0" ci="5" mb="0" cb="0" />
          <line nr="242" mi="0" ci="1" mb="0" cb="0" />
          <line nr="244" mi="0" ci="5" mb="0" cb="0" />
          <line nr="245" mi="0" ci="1" mb="0" cb="0" />
          <line nr="249" mi="0" ci="4" mb="0" cb="0" />
          <line nr="251" mi="0" ci="8" mb="0" cb="0" />
          <line nr="254" mi="0" ci="3" mb="0" cb="0" />
          <line nr="255" mi="0" ci="11" mb="0" cb="0" />
          <line nr="258" mi="0" ci="5" mb="0" cb="0" />
          <line nr="259" mi="0" ci="1" mb="0" cb="0" />
          <line nr="261" mi="0" ci="11" mb="0" cb="0" />
          <line nr="264" mi="0" ci="5" mb="0" cb="0" />
          <line nr="265" mi="0" ci="1" mb="0" cb="0" />
          <line nr="267" mi="0" ci="11" mb="0" cb="0" />
          <line nr="270" mi="0" ci="5" mb="0" cb="0" />
          <line nr="271" mi="0" ci="1" mb="0" cb="0" />
          <line nr="274" mi="0" ci="3" mb="0" cb="0" />
          <line nr="275" mi="0" ci="3" mb="0" cb="0" />
          <line nr="276" mi="0" ci="3" mb="0" cb="0" />
          <line nr="277" mi="1" ci="1" mb="0" cb="0" />
          <line nr="278" mi="3" ci="0" mb="0" cb="0" />
          <line nr="279" mi="1" ci="0" mb="0" cb="0" />
          <line nr="280" mi="2" ci="0" mb="0" cb="0" />
          <line nr="282" mi="0" ci="2" mb="0" cb="0" />
          <line nr="283" mi="0" ci="1" mb="0" cb="0" />
          <line nr="285" mi="0" ci="2" mb="0" cb="0" />
          <line nr="286" mi="0" ci="5" mb="0" cb="0" />
          <line nr="287" mi="0" ci="8" mb="0" cb="0" />
          <line nr="290" mi="0" ci="9" mb="0" cb="0" />
          <line nr="293" mi="0" ci="4" mb="0" cb="0" />
          <line nr="294" mi="0" ci="4" mb="0" cb="0" />
          <line nr="295" mi="0" ci="4" mb="0" cb="0" />
          <line nr="296" mi="0" ci="1" mb="0" cb="0" />
          <line nr="300" mi="0" ci="8" mb="0" cb="0" />
          <line nr="303" mi="0" ci="2" mb="0" cb="0" />
          <line nr="306" mi="0" ci="8" mb="0" cb="0" />
          <line nr="309" mi="0" ci="4" mb="1" cb="1" />
          <line nr="310" mi="0" ci="3" mb="0" cb="0" />
          <line nr="312" mi="0" ci="1" mb="0" cb="0" />
          <line nr="314" mi="0" ci="9" mb="0" cb="0" />
          <line nr="317" mi="0" ci="5" mb="0" cb="0" />
          <line nr="318" mi="0" ci="1" mb="0" cb="0" />
          <line nr="320" mi="0" ci="5" mb="0" cb="0" />
          <line nr="321" mi="0" ci="1" mb="0" cb="0" />
          <counter type="INSTRUCTION" missed="59" covered="786" />
          <counter type="BRANCH" missed="2" covered="6" />
          <counter type="LINE" missed="24" covered="119" />
          <counter type="COMPLEXITY" missed="13" covered="66" />
          <counter type="METHOD" missed="11" covered="64" />
          <counter type="CLASS" missed="0" covered="30" />
        </sourcefile>
        <sourcefile name="StreamPerformanceTest.java">
          <line nr="1" mi="27" ci="0" mb="0" cb="0" />
          <line nr="13" mi="3" ci="0" mb="0" cb="0" />
          <line nr="16" mi="1" ci="0" mb="0" cb="0" />
          <line nr="17" mi="5" ci="0" mb="0" cb="0" />
          <line nr="20" mi="8" ci="0" mb="2" cb="0" />
          <line nr="24" mi="1" ci="0" mb="0" cb="0" />
          <line nr="25" mi="5" ci="0" mb="0" cb="0" />
          <line nr="28" mi="12" ci="0" mb="0" cb="0" />
          <line nr="32" mi="1" ci="0" mb="0" cb="0" />
          <line nr="33" mi="5" ci="0" mb="0" cb="0" />
          <line nr="36" mi="9" ci="0" mb="0" cb="0" />
          <line nr="39" mi="9" ci="0" mb="2" cb="0" />
          <line nr="40" mi="7" ci="0" mb="0" cb="0" />
          <line nr="42" mi="1" ci="0" mb="0" cb="0" />
          <line nr="45" mi="1" ci="0" mb="0" cb="0" />
          <line nr="48" mi="7" ci="0" mb="2" cb="0" />
          <line nr="49" mi="3" ci="0" mb="0" cb="0" />
          <line nr="50" mi="3" ci="0" mb="0" cb="0" />
          <line nr="51" mi="4" ci="0" mb="0" cb="0" />
          <line nr="52" mi="11" ci="0" mb="0" cb="0" />
          <line nr="54" mi="1" ci="0" mb="0" cb="0" />
          <line nr="57" mi="4" ci="0" mb="0" cb="0" />
          <line nr="58" mi="10" ci="0" mb="0" cb="0" />
          <line nr="61" mi="12" ci="0" mb="2" cb="0" />
          <line nr="62" mi="4" ci="0" mb="2" cb="0" />
          <line nr="63" mi="12" ci="0" mb="0" cb="0" />
          <line nr="64" mi="8" ci="0" mb="2" cb="0" />
          <line nr="65" mi="8" ci="0" mb="0" cb="0" />
          <line nr="69" mi="1" ci="0" mb="0" cb="0" />
          <line nr="71" mi="2" ci="0" mb="0" cb="0" />
          <line nr="75" mi="4" ci="0" mb="0" cb="0" />
          <line nr="76" mi="10" ci="0" mb="0" cb="0" />
          <line nr="79" mi="2" ci="0" mb="0" cb="0" />
          <line nr="80" mi="2" ci="0" mb="0" cb="0" />
          <line nr="81" mi="2" ci="0" mb="0" cb="0" />
          <line nr="82" mi="2" ci="0" mb="0" cb="0" />
          <line nr="83" mi="10" ci="0" mb="0" cb="0" />
          <line nr="86" mi="5" ci="0" mb="0" cb="0" />
          <line nr="87" mi="1" ci="0" mb="0" cb="0" />
          <line nr="89" mi="1" ci="0" mb="0" cb="0" />
          <line nr="91" mi="2" ci="0" mb="0" cb="0" />
          <line nr="95" mi="4" ci="0" mb="0" cb="0" />
          <line nr="96" mi="4" ci="0" mb="0" cb="0" />
          <line nr="97" mi="7" ci="0" mb="2" cb="0" />
          <line nr="98" mi="7" ci="0" mb="0" cb="0" />
          <line nr="100" mi="2" ci="0" mb="0" cb="0" />
          <line nr="104" mi="3" ci="0" mb="0" cb="0" />
          <line nr="105" mi="13" ci="0" mb="0" cb="0" />
          <line nr="106" mi="1" ci="0" mb="0" cb="0" />
          <line nr="109" mi="2" ci="0" mb="0" cb="0" />
          <line nr="110" mi="2" ci="0" mb="0" cb="0" />
          <line nr="111" mi="6" ci="0" mb="0" cb="0" />
          <counter type="INSTRUCTION" missed="277" covered="0" />
          <counter type="BRANCH" missed="14" covered="0" />
          <counter type="LINE" missed="52" covered="0" />
          <counter type="COMPLEXITY" missed="29" covered="0" />
          <counter type="METHOD" missed="22" covered="0" />
          <counter type="CLASS" missed="8" covered="0" />
        </sourcefile>
        <counter type="INSTRUCTION" missed="378" covered="1084" />
        <counter type="BRANCH" missed="16" covered="8" />
        <counter type="LINE" missed="95" covered="177" />
        <counter type="COMPLEXITY" missed="50" covered="92" />
        <counter type="METHOD" missed="41" covered="89" />
        <counter type="CLASS" missed="8" covered="41" />
      </package>
      <counter type="INSTRUCTION" missed="378" covered="1084" />
      <counter type="BRANCH" missed="16" covered="8" />
      <counter type="LINE" missed="95" covered="177" />
      <counter type="COMPLEXITY" missed="50" covered="92" />
      <counter type="METHOD" missed="41" covered="89" />
      <counter type="CLASS" missed="8" covered="41" />
    </group>
    <counter type="INSTRUCTION" missed="384" covered="1458" />
    <counter type="BRANCH" missed="17" covered="17" />
    <counter type="LINE" missed="97" covered="289" />
    <counter type="COMPLEXITY" missed="53" covered="144" />
    <counter type="METHOD" missed="43" covered="137" />
    <counter type="CLASS" missed="8" covered="61" />
  </group>
  <counter type="INSTRUCTION" missed="384" covered="1458" />
  <counter type="BRANCH" missed="17" covered="17" />
  <counter type="LINE" missed="97" covered="289" />
  <counter type="COMPLEXITY" missed="53" covered="144" />
  <counter type="METHOD" missed="43" covered="137" />
  <counter type="CLASS" missed="8" covered="61" />
</report>
